  [1m[35m (1.7ms)[0m  [1m[35mSET NAMES utf8,  @@SESSION.sql_mode = CONCAT(CONCAT(@@sql_mode, ',STRICT_ALL_TABLES'), ',NO_AUTO_VALUE_ON_ZERO'),  @@SESSION.sql_auto_is_null = 0, @@SESSION.wait_timeout = 2147483[0m
  ↳ bin/rails:9
  [1m[35m (14.6ms)[0m  [1m[35mCREATE DATABASE `charges_development` DEFAULT CHARACTER SET `utf8`[0m
  ↳ bin/rails:9
  [1m[35m (0.7ms)[0m  [1m[35mSET NAMES utf8,  @@SESSION.sql_mode = CONCAT(CONCAT(@@sql_mode, ',STRICT_ALL_TABLES'), ',NO_AUTO_VALUE_ON_ZERO'),  @@SESSION.sql_auto_is_null = 0, @@SESSION.wait_timeout = 2147483[0m
  ↳ bin/rails:9
  [1m[35m (4.8ms)[0m  [1m[35mCREATE DATABASE `charges_test` DEFAULT CHARACTER SET `utf8`[0m
  ↳ bin/rails:9
  [1m[35m (1.3ms)[0m  [1m[35mSET NAMES utf8,  @@SESSION.sql_mode = CONCAT(CONCAT(@@sql_mode, ',STRICT_ALL_TABLES'), ',NO_AUTO_VALUE_ON_ZERO'),  @@SESSION.sql_auto_is_null = 0, @@SESSION.wait_timeout = 2147483[0m
  ↳ bin/rails:9
  [1m[35m (16.8ms)[0m  [1m[35mCREATE DATABASE `charges_development` DEFAULT CHARACTER SET `utf8`[0m
  ↳ bin/rails:9
  [1m[35m (0.7ms)[0m  [1m[35mSET NAMES utf8,  @@SESSION.sql_mode = CONCAT(CONCAT(@@sql_mode, ',STRICT_ALL_TABLES'), ',NO_AUTO_VALUE_ON_ZERO'),  @@SESSION.sql_auto_is_null = 0, @@SESSION.wait_timeout = 2147483[0m
  ↳ bin/rails:9
  [1m[35m (1.8ms)[0m  [1m[35mCREATE DATABASE `charges_test` DEFAULT CHARACTER SET `utf8`[0m
  ↳ bin/rails:9
  [1m[35m (1.6ms)[0m  [1m[35mSET NAMES utf8,  @@SESSION.sql_mode = CONCAT(CONCAT(@@sql_mode, ',STRICT_ALL_TABLES'), ',NO_AUTO_VALUE_ON_ZERO'),  @@SESSION.sql_auto_is_null = 0, @@SESSION.wait_timeout = 2147483[0m
  ↳ bin/rails:9
  [1m[35m (50.4ms)[0m  [1m[35mCREATE TABLE `schema_migrations` (`version` varchar(255) NOT NULL PRIMARY KEY)[0m
  ↳ bin/rails:9
  [1m[35m (12.3ms)[0m  [1m[35mCREATE TABLE `ar_internal_metadata` (`key` varchar(255) NOT NULL PRIMARY KEY, `value` varchar(255), `created_at` datetime NOT NULL, `updated_at` datetime NOT NULL)[0m
  ↳ bin/rails:9
  [1m[35m (1.0ms)[0m  [1m[34mSELECT GET_LOCK('4308084809749331625', 0)[0m
  ↳ bin/rails:9
  [1m[35m (2.8ms)[0m  [1m[34mSELECT `schema_migrations`.`version` FROM `schema_migrations` ORDER BY `schema_migrations`.`version` ASC[0m
  ↳ bin/rails:9
Migrating to CreateCustomers (20210427071445)
  [1m[35m (18.6ms)[0m  [1m[35mCREATE TABLE `customers` (`id` bigint NOT NULL AUTO_INCREMENT PRIMARY KEY, `first_name` varchar(255), `last_name` varchar(255), `created_at` datetime NOT NULL, `updated_at` datetime NOT NULL)[0m
  ↳ db/migrate/20210427071445_create_customers.rb:3
  [1m[35m (0.2ms)[0m  [1m[35mBEGIN[0m
  ↳ bin/rails:9
  [1m[36mActiveRecord::SchemaMigration Create (0.8ms)[0m  [1m[32mINSERT INTO `schema_migrations` (`version`) VALUES ('20210427071445')[0m
  ↳ bin/rails:9
  [1m[35m (0.4ms)[0m  [1m[35mCOMMIT[0m
  ↳ bin/rails:9
  [1m[36mActiveRecord::InternalMetadata Load (2.1ms)[0m  [1m[34mSELECT  `ar_internal_metadata`.* FROM `ar_internal_metadata` WHERE `ar_internal_metadata`.`key` = 'environment' LIMIT 1[0m
  ↳ bin/rails:9
  [1m[35m (0.2ms)[0m  [1m[35mBEGIN[0m
  ↳ bin/rails:9
  [1m[36mActiveRecord::InternalMetadata Create (0.7ms)[0m  [1m[32mINSERT INTO `ar_internal_metadata` (`key`, `value`, `created_at`, `updated_at`) VALUES ('environment', 'development', '2021-04-27 07:16:38', '2021-04-27 07:16:38')[0m
  ↳ bin/rails:9
  [1m[35m (0.8ms)[0m  [1m[35mCOMMIT[0m
  ↳ bin/rails:9
  [1m[35m (0.2ms)[0m  [1m[34mSELECT RELEASE_LOCK('4308084809749331625')[0m
  ↳ bin/rails:9
  [1m[35m (0.1ms)[0m  [1m[34mSELECT `schema_migrations`.`version` FROM `schema_migrations` ORDER BY `schema_migrations`.`version` ASC[0m
  ↳ bin/rails:9
Started GET "/" for ::1 at 2021-04-27 14:18:28 +0700
  [1m[35m (0.2ms)[0m  [1m[35mSET NAMES utf8,  @@SESSION.sql_mode = CONCAT(CONCAT(@@sql_mode, ',STRICT_ALL_TABLES'), ',NO_AUTO_VALUE_ON_ZERO'),  @@SESSION.sql_auto_is_null = 0, @@SESSION.wait_timeout = 2147483[0m
  ↳ /Users/yura/.rbenv/versions/2.7.2/lib/ruby/gems/2.7.0/gems/activerecord-5.2.5/lib/active_record/log_subscriber.rb:98
  [1m[35m (0.3ms)[0m  [1m[34mSELECT `schema_migrations`.`version` FROM `schema_migrations` ORDER BY `schema_migrations`.`version` ASC[0m
  ↳ /Users/yura/.rbenv/versions/2.7.2/lib/ruby/gems/2.7.0/gems/activerecord-5.2.5/lib/active_record/log_subscriber.rb:98
Processing by Rails::WelcomeController#index as HTML
  Rendering /Users/yura/.rbenv/versions/2.7.2/lib/ruby/gems/2.7.0/gems/railties-5.2.5/lib/rails/templates/rails/welcome/index.html.erb
  Rendered /Users/yura/.rbenv/versions/2.7.2/lib/ruby/gems/2.7.0/gems/railties-5.2.5/lib/rails/templates/rails/welcome/index.html.erb (2.6ms)
Completed 200 OK in 11ms (Views: 7.3ms | ActiveRecord: 0.0ms)


Started GET "/customers" for ::1 at 2021-04-27 14:18:33 +0700
Processing by CustomersController#index as HTML
  Rendering customers/index.html.erb within layouts/application
  [1m[36mCustomer Load (1.0ms)[0m  [1m[34mSELECT `customers`.* FROM `customers`[0m
  ↳ app/views/customers/index.html.erb:15
  Rendered customers/index.html.erb within layouts/application (3.6ms)
Completed 200 OK in 739ms (Views: 732.8ms | ActiveRecord: 2.0ms)


Started GET "/customers/new" for ::1 at 2021-04-27 14:18:35 +0700
Processing by CustomersController#new as HTML
  Rendering customers/new.html.erb within layouts/application
  Rendered customers/_form.html.erb (16.8ms)
  Rendered customers/new.html.erb within layouts/application (18.2ms)
Completed 200 OK in 43ms (Views: 34.1ms | ActiveRecord: 4.2ms)


Started POST "/customers" for ::1 at 2021-04-27 14:18:54 +0700
Processing by CustomersController#create as HTML
  Parameters: {"utf8"=>"✓", "authenticity_token"=>"g59gBGDKV4IZgJ-cFCqv6M7R5uvtBiP2GsDwjqJXHIY0nQRbzGwfMzXx7jw3z4TBRuAq4BIFJwntOp6Vt7sKtA", "customer"=>{"first_name"=>"Johny", "last_name"=>"Flow"}, "commit"=>"Create Customer"}
  [1m[35m (0.1ms)[0m  [1m[35mBEGIN[0m
  ↳ app/controllers/customers_controller.rb:27
  [1m[36mCustomer Create (0.3ms)[0m  [1m[32mINSERT INTO `customers` (`first_name`, `last_name`, `created_at`, `updated_at`) VALUES ('Johny', 'Flow', '2021-04-27 07:18:54', '2021-04-27 07:18:54')[0m
  ↳ app/controllers/customers_controller.rb:27
  [1m[35m (0.7ms)[0m  [1m[35mCOMMIT[0m
  ↳ app/controllers/customers_controller.rb:27
Redirected to http://localhost:3000/customers/1
Completed 302 Found in 4ms (ActiveRecord: 1.1ms)


Started GET "/customers/1" for ::1 at 2021-04-27 14:18:54 +0700
Processing by CustomersController#show as HTML
  Parameters: {"id"=>"1"}
  [1m[36mCustomer Load (0.2ms)[0m  [1m[34mSELECT  `customers`.* FROM `customers` WHERE `customers`.`id` = 1 LIMIT 1[0m
  ↳ app/controllers/customers_controller.rb:62
  Rendering customers/show.html.erb within layouts/application
  Rendered customers/show.html.erb within layouts/application (0.5ms)
Completed 200 OK in 16ms (Views: 12.2ms | ActiveRecord: 0.2ms)


Started GET "/customers" for ::1 at 2021-04-27 14:18:55 +0700
Processing by CustomersController#index as HTML
  Rendering customers/index.html.erb within layouts/application
  [1m[36mCustomer Load (0.3ms)[0m  [1m[34mSELECT `customers`.* FROM `customers`[0m
  ↳ app/views/customers/index.html.erb:15
  Rendered customers/index.html.erb within layouts/application (1.6ms)
Completed 200 OK in 18ms (Views: 16.7ms | ActiveRecord: 0.3ms)


  [1m[35m (1.3ms)[0m  [1m[35mSET NAMES utf8,  @@SESSION.sql_mode = CONCAT(CONCAT(@@sql_mode, ',STRICT_ALL_TABLES'), ',NO_AUTO_VALUE_ON_ZERO'),  @@SESSION.sql_auto_is_null = 0, @@SESSION.wait_timeout = 2147483[0m
  ↳ bin/rails:9
  [1m[35m (0.2ms)[0m  [1m[34mSELECT `schema_migrations`.`version` FROM `schema_migrations` ORDER BY `schema_migrations`.`version` ASC[0m
  ↳ bin/rails:9
  [1m[35m (1.0ms)[0m  [1m[35mSET NAMES utf8,  @@SESSION.sql_mode = CONCAT(CONCAT(@@sql_mode, ',STRICT_ALL_TABLES'), ',NO_AUTO_VALUE_ON_ZERO'),  @@SESSION.sql_auto_is_null = 0, @@SESSION.wait_timeout = 2147483[0m
  ↳ bin/rails:9
  [1m[35m (0.1ms)[0m  [1m[34mSELECT GET_LOCK('4308084809749331625', 0)[0m
  ↳ bin/rails:9
  [1m[35m (0.9ms)[0m  [1m[34mSELECT `schema_migrations`.`version` FROM `schema_migrations` ORDER BY `schema_migrations`.`version` ASC[0m
  ↳ bin/rails:9
Migrating to CreateCharges (20210427072138)
  [1m[35m (38.7ms)[0m  [1m[35mCREATE TABLE `charges` (`id` bigint NOT NULL AUTO_INCREMENT PRIMARY KEY, `created` datetime, `paid` tinyint(1), `amount` int, `currency` varchar(255), `refunded` tinyint(1), `customer_id` bigint, `created_at` datetime NOT NULL, `updated_at` datetime NOT NULL,  INDEX `index_charges_on_customer_id`  (`customer_id`), CONSTRAINT `fk_rails_f9da65bc10`
FOREIGN KEY (`customer_id`)
  REFERENCES `customers` (`id`)
)[0m
  ↳ db/migrate/20210427072138_create_charges.rb:3
  [1m[35m (0.1ms)[0m  [1m[35mBEGIN[0m
  ↳ bin/rails:9
  [1m[36mActiveRecord::SchemaMigration Create (0.2ms)[0m  [1m[32mINSERT INTO `schema_migrations` (`version`) VALUES ('20210427072138')[0m
  ↳ bin/rails:9
  [1m[35m (0.4ms)[0m  [1m[35mCOMMIT[0m
  ↳ bin/rails:9
  [1m[36mActiveRecord::InternalMetadata Load (2.6ms)[0m  [1m[34mSELECT  `ar_internal_metadata`.* FROM `ar_internal_metadata` WHERE `ar_internal_metadata`.`key` = 'environment' LIMIT 1[0m
  ↳ bin/rails:9
  [1m[35m (0.1ms)[0m  [1m[35mBEGIN[0m
  ↳ bin/rails:9
  [1m[35m (0.1ms)[0m  [1m[35mCOMMIT[0m
  ↳ bin/rails:9
  [1m[35m (0.1ms)[0m  [1m[34mSELECT RELEASE_LOCK('4308084809749331625')[0m
  ↳ bin/rails:9
  [1m[35m (0.1ms)[0m  [1m[34mSELECT `schema_migrations`.`version` FROM `schema_migrations` ORDER BY `schema_migrations`.`version` ASC[0m
  ↳ bin/rails:9
  [1m[35m (0.5ms)[0m  [1m[35mSET NAMES utf8,  @@SESSION.sql_mode = CONCAT(CONCAT(@@sql_mode, ',STRICT_ALL_TABLES'), ',NO_AUTO_VALUE_ON_ZERO'),  @@SESSION.sql_auto_is_null = 0, @@SESSION.wait_timeout = 2147483[0m
  ↳ bin/rails:9
  [1m[35m (1.2ms)[0m  [1m[34mSELECT `schema_migrations`.`version` FROM `schema_migrations` ORDER BY `schema_migrations`.`version` ASC[0m
  ↳ bin/rails:9
  [1m[35m (1.4ms)[0m  [1m[35mSET NAMES utf8,  @@SESSION.sql_mode = CONCAT(CONCAT(@@sql_mode, ',STRICT_ALL_TABLES'), ',NO_AUTO_VALUE_ON_ZERO'),  @@SESSION.sql_auto_is_null = 0, @@SESSION.wait_timeout = 2147483[0m
  ↳ bin/rails:9
  [1m[35m (1.3ms)[0m  [1m[34mSELECT `schema_migrations`.`version` FROM `schema_migrations` ORDER BY `schema_migrations`.`version` ASC[0m
  ↳ bin/rails:9
  [1m[35m (0.1ms)[0m  [1m[35mBEGIN[0m
  ↳ db/seeds.rb:9
  [1m[36mCustomer Create (0.3ms)[0m  [1m[32mINSERT INTO `customers` (`first_name`, `last_name`, `created_at`, `updated_at`) VALUES ('Johny', 'Flow', '2021-04-27 07:31:58', '2021-04-27 07:31:58')[0m
  ↳ db/seeds.rb:9
  [1m[35m (1.0ms)[0m  [1m[35mCOMMIT[0m
  ↳ db/seeds.rb:9
  [1m[35m (0.1ms)[0m  [1m[35mBEGIN[0m
  ↳ db/seeds.rb:10
  [1m[36mCustomer Create (0.2ms)[0m  [1m[32mINSERT INTO `customers` (`first_name`, `last_name`, `created_at`, `updated_at`) VALUES ('Raj', 'Jamnis', '2021-04-27 07:31:58', '2021-04-27 07:31:58')[0m
  ↳ db/seeds.rb:10
  [1m[35m (0.7ms)[0m  [1m[35mCOMMIT[0m
  ↳ db/seeds.rb:10
  [1m[35m (0.1ms)[0m  [1m[35mBEGIN[0m
  ↳ db/seeds.rb:11
  [1m[36mCustomer Create (0.2ms)[0m  [1m[32mINSERT INTO `customers` (`first_name`, `last_name`, `created_at`, `updated_at`) VALUES ('Andrew', 'Chung', '2021-04-27 07:31:58', '2021-04-27 07:31:58')[0m
  ↳ db/seeds.rb:11
  [1m[35m (0.5ms)[0m  [1m[35mCOMMIT[0m
  ↳ db/seeds.rb:11
  [1m[35m (0.1ms)[0m  [1m[35mBEGIN[0m
  ↳ db/seeds.rb:12
  [1m[36mCustomer Create (0.1ms)[0m  [1m[32mINSERT INTO `customers` (`first_name`, `last_name`, `created_at`, `updated_at`) VALUES ('Mike', 'Smith', '2021-04-27 07:31:58', '2021-04-27 07:31:58')[0m
  ↳ db/seeds.rb:12
  [1m[35m (0.3ms)[0m  [1m[35mCOMMIT[0m
  ↳ db/seeds.rb:12
  [1m[35m (0.9ms)[0m  [1m[35mSET NAMES utf8,  @@SESSION.sql_mode = CONCAT(CONCAT(@@sql_mode, ',STRICT_ALL_TABLES'), ',NO_AUTO_VALUE_ON_ZERO'),  @@SESSION.sql_auto_is_null = 0, @@SESSION.wait_timeout = 2147483[0m
  [1m[35m (2.4ms)[0m  [1m[34mSELECT COUNT(*) FROM `customers`[0m
  [1m[36mCustomer Load (0.3ms)[0m  [1m[34mSELECT  `customers`.* FROM `customers` LIMIT 11[0m
  [1m[36mCustomer Load (0.3ms)[0m  [1m[34mSELECT `customers`.* FROM `customers`[0m
  [1m[35m (0.2ms)[0m  [1m[35mBEGIN[0m
  [1m[36mCustomer Destroy (2.1ms)[0m  [1m[31mDELETE FROM `customers` WHERE `customers`.`id` = 1[0m
  [1m[35m (1.2ms)[0m  [1m[35mCOMMIT[0m
  [1m[35m (0.1ms)[0m  [1m[35mBEGIN[0m
  [1m[36mCustomer Destroy (1.1ms)[0m  [1m[31mDELETE FROM `customers` WHERE `customers`.`id` = 2[0m
  [1m[35m (1.5ms)[0m  [1m[35mCOMMIT[0m
  [1m[35m (0.1ms)[0m  [1m[35mBEGIN[0m
  [1m[36mCustomer Destroy (0.2ms)[0m  [1m[31mDELETE FROM `customers` WHERE `customers`.`id` = 3[0m
  [1m[35m (0.6ms)[0m  [1m[35mCOMMIT[0m
  [1m[35m (0.1ms)[0m  [1m[35mBEGIN[0m
  [1m[36mCustomer Destroy (0.8ms)[0m  [1m[31mDELETE FROM `customers` WHERE `customers`.`id` = 4[0m
  [1m[35m (0.5ms)[0m  [1m[35mCOMMIT[0m
  [1m[35m (0.1ms)[0m  [1m[35mBEGIN[0m
  [1m[36mCustomer Destroy (1.3ms)[0m  [1m[31mDELETE FROM `customers` WHERE `customers`.`id` = 5[0m
  [1m[35m (0.5ms)[0m  [1m[35mCOMMIT[0m
  [1m[35m (0.4ms)[0m  [1m[35mSET NAMES utf8,  @@SESSION.sql_mode = CONCAT(CONCAT(@@sql_mode, ',STRICT_ALL_TABLES'), ',NO_AUTO_VALUE_ON_ZERO'),  @@SESSION.sql_auto_is_null = 0, @@SESSION.wait_timeout = 2147483[0m
  ↳ bin/rails:9
  [1m[35m (0.3ms)[0m  [1m[34mSELECT `schema_migrations`.`version` FROM `schema_migrations` ORDER BY `schema_migrations`.`version` ASC[0m
  ↳ bin/rails:9
  [1m[35m (0.1ms)[0m  [1m[35mBEGIN[0m
  ↳ db/seeds.rb:9
  [1m[36mCustomer Create (0.3ms)[0m  [1m[32mINSERT INTO `customers` (`first_name`, `last_name`, `created_at`, `updated_at`) VALUES ('Johny', 'Flow', '2021-04-27 07:44:46', '2021-04-27 07:44:46')[0m
  ↳ db/seeds.rb:9
  [1m[35m (1.1ms)[0m  [1m[35mCOMMIT[0m
  ↳ db/seeds.rb:9
  [1m[35m (0.4ms)[0m  [1m[35mSET NAMES utf8,  @@SESSION.sql_mode = CONCAT(CONCAT(@@sql_mode, ',STRICT_ALL_TABLES'), ',NO_AUTO_VALUE_ON_ZERO'),  @@SESSION.sql_auto_is_null = 0, @@SESSION.wait_timeout = 2147483[0m
  ↳ bin/rails:9
  [1m[35m (4.9ms)[0m  [1m[34mSELECT `schema_migrations`.`version` FROM `schema_migrations` ORDER BY `schema_migrations`.`version` ASC[0m
  ↳ bin/rails:9
  [1m[35m (0.1ms)[0m  [1m[35mBEGIN[0m
  ↳ db/seeds.rb:9
  [1m[36mCustomer Create (3.5ms)[0m  [1m[32mINSERT INTO `customers` (`first_name`, `last_name`, `created_at`, `updated_at`) VALUES ('Johny', 'Flow', '2021-04-27 08:09:25', '2021-04-27 08:09:25')[0m
  ↳ db/seeds.rb:9
  [1m[35m (0.7ms)[0m  [1m[35mCOMMIT[0m
  ↳ db/seeds.rb:9
  [1m[35m (0.2ms)[0m  [1m[35mBEGIN[0m
  ↳ db/seeds.rb:10
  [1m[36mCharge Create (1.6ms)[0m  [1m[32mINSERT INTO `charges` (`created`, `paid`, `amount`, `currency`, `refunded`, `customer_id`, `created_at`, `updated_at`) VALUES ('2021-04-27 08:09:25', TRUE, 4900, 'usd', FALSE, 7, '2021-04-27 08:09:25', '2021-04-27 08:09:25')[0m
  ↳ db/seeds.rb:10
  [1m[35m (0.5ms)[0m  [1m[35mCOMMIT[0m
  ↳ db/seeds.rb:10
  [1m[35m (0.1ms)[0m  [1m[35mBEGIN[0m
  ↳ db/seeds.rb:10
  [1m[36mCharge Create (0.2ms)[0m  [1m[32mINSERT INTO `charges` (`created`, `paid`, `amount`, `currency`, `refunded`, `customer_id`, `created_at`, `updated_at`) VALUES ('2021-04-27 08:09:25', TRUE, 4900, 'usd', FALSE, 7, '2021-04-27 08:09:25', '2021-04-27 08:09:25')[0m
  ↳ db/seeds.rb:10
  [1m[35m (0.4ms)[0m  [1m[35mCOMMIT[0m
  ↳ db/seeds.rb:10
  [1m[35m (0.1ms)[0m  [1m[35mBEGIN[0m
  ↳ db/seeds.rb:10
  [1m[36mCharge Create (0.2ms)[0m  [1m[32mINSERT INTO `charges` (`created`, `paid`, `amount`, `currency`, `refunded`, `customer_id`, `created_at`, `updated_at`) VALUES ('2021-04-27 08:09:25', TRUE, 4900, 'usd', FALSE, 7, '2021-04-27 08:09:25', '2021-04-27 08:09:25')[0m
  ↳ db/seeds.rb:10
  [1m[35m (0.4ms)[0m  [1m[35mCOMMIT[0m
  ↳ db/seeds.rb:10
  [1m[35m (0.1ms)[0m  [1m[35mBEGIN[0m
  ↳ db/seeds.rb:10
  [1m[36mCharge Create (0.2ms)[0m  [1m[32mINSERT INTO `charges` (`created`, `paid`, `amount`, `currency`, `refunded`, `customer_id`, `created_at`, `updated_at`) VALUES ('2021-04-27 08:09:25', TRUE, 4900, 'usd', FALSE, 7, '2021-04-27 08:09:25', '2021-04-27 08:09:25')[0m
  ↳ db/seeds.rb:10
  [1m[35m (0.5ms)[0m  [1m[35mCOMMIT[0m
  ↳ db/seeds.rb:10
  [1m[35m (0.1ms)[0m  [1m[35mBEGIN[0m
  ↳ db/seeds.rb:10
  [1m[36mCharge Create (0.2ms)[0m  [1m[32mINSERT INTO `charges` (`created`, `paid`, `amount`, `currency`, `refunded`, `customer_id`, `created_at`, `updated_at`) VALUES ('2021-04-27 08:09:25', TRUE, 4900, 'usd', FALSE, 7, '2021-04-27 08:09:25', '2021-04-27 08:09:25')[0m
  ↳ db/seeds.rb:10
  [1m[35m (0.4ms)[0m  [1m[35mCOMMIT[0m
  ↳ db/seeds.rb:10
  [1m[35m (0.1ms)[0m  [1m[35mBEGIN[0m
  ↳ db/seeds.rb:11
  [1m[36mCharge Create (0.1ms)[0m  [1m[32mINSERT INTO `charges` (`created`, `paid`, `amount`, `currency`, `refunded`, `customer_id`, `created_at`, `updated_at`) VALUES ('2021-04-27 08:09:25', TRUE, 4900, 'usd', TRUE, 7, '2021-04-27 08:09:25', '2021-04-27 08:09:25')[0m
  ↳ db/seeds.rb:11
  [1m[35m (0.3ms)[0m  [1m[35mCOMMIT[0m
  ↳ db/seeds.rb:11
  [1m[35m (0.1ms)[0m  [1m[35mBEGIN[0m
  ↳ db/seeds.rb:14
  [1m[36mCustomer Create (0.1ms)[0m  [1m[32mINSERT INTO `customers` (`first_name`, `last_name`, `created_at`, `updated_at`) VALUES ('Raj', 'Jamnis', '2021-04-27 08:09:25', '2021-04-27 08:09:25')[0m
  ↳ db/seeds.rb:14
  [1m[35m (0.3ms)[0m  [1m[35mCOMMIT[0m
  ↳ db/seeds.rb:14
  [1m[35m (0.1ms)[0m  [1m[35mBEGIN[0m
  ↳ db/seeds.rb:15
  [1m[36mCharge Create (0.1ms)[0m  [1m[32mINSERT INTO `charges` (`created`, `paid`, `amount`, `currency`, `refunded`, `customer_id`, `created_at`, `updated_at`) VALUES ('2021-04-27 08:09:25', TRUE, 4900, 'usd', FALSE, 8, '2021-04-27 08:09:25', '2021-04-27 08:09:25')[0m
  ↳ db/seeds.rb:15
  [1m[35m (0.3ms)[0m  [1m[35mCOMMIT[0m
  ↳ db/seeds.rb:15
  [1m[35m (0.1ms)[0m  [1m[35mBEGIN[0m
  ↳ db/seeds.rb:15
  [1m[36mCharge Create (0.2ms)[0m  [1m[32mINSERT INTO `charges` (`created`, `paid`, `amount`, `currency`, `refunded`, `customer_id`, `created_at`, `updated_at`) VALUES ('2021-04-27 08:09:25', TRUE, 4900, 'usd', FALSE, 8, '2021-04-27 08:09:25', '2021-04-27 08:09:25')[0m
  ↳ db/seeds.rb:15
  [1m[35m (0.3ms)[0m  [1m[35mCOMMIT[0m
  ↳ db/seeds.rb:15
  [1m[35m (0.1ms)[0m  [1m[35mBEGIN[0m
  ↳ db/seeds.rb:15
  [1m[36mCharge Create (0.1ms)[0m  [1m[32mINSERT INTO `charges` (`created`, `paid`, `amount`, `currency`, `refunded`, `customer_id`, `created_at`, `updated_at`) VALUES ('2021-04-27 08:09:25', TRUE, 4900, 'usd', FALSE, 8, '2021-04-27 08:09:25', '2021-04-27 08:09:25')[0m
  ↳ db/seeds.rb:15
  [1m[35m (0.4ms)[0m  [1m[35mCOMMIT[0m
  ↳ db/seeds.rb:15
  [1m[35m (0.1ms)[0m  [1m[35mBEGIN[0m
  ↳ db/seeds.rb:16
  [1m[36mCharge Create (0.1ms)[0m  [1m[32mINSERT INTO `charges` (`created`, `paid`, `amount`, `currency`, `refunded`, `customer_id`, `created_at`, `updated_at`) VALUES ('2021-04-27 08:09:25', TRUE, 4900, 'usd', TRUE, 8, '2021-04-27 08:09:25', '2021-04-27 08:09:25')[0m
  ↳ db/seeds.rb:16
  [1m[35m (0.3ms)[0m  [1m[35mCOMMIT[0m
  ↳ db/seeds.rb:16
  [1m[35m (0.1ms)[0m  [1m[35mBEGIN[0m
  ↳ db/seeds.rb:16
  [1m[36mCharge Create (0.1ms)[0m  [1m[32mINSERT INTO `charges` (`created`, `paid`, `amount`, `currency`, `refunded`, `customer_id`, `created_at`, `updated_at`) VALUES ('2021-04-27 08:09:25', TRUE, 4900, 'usd', TRUE, 8, '2021-04-27 08:09:25', '2021-04-27 08:09:25')[0m
  ↳ db/seeds.rb:16
  [1m[35m (0.3ms)[0m  [1m[35mCOMMIT[0m
  ↳ db/seeds.rb:16
  [1m[35m (0.1ms)[0m  [1m[35mBEGIN[0m
  ↳ db/seeds.rb:19
  [1m[36mCustomer Create (0.1ms)[0m  [1m[32mINSERT INTO `customers` (`first_name`, `last_name`, `created_at`, `updated_at`) VALUES ('Andrew', 'Chung', '2021-04-27 08:09:25', '2021-04-27 08:09:25')[0m
  ↳ db/seeds.rb:19
  [1m[35m (0.3ms)[0m  [1m[35mCOMMIT[0m
  ↳ db/seeds.rb:19
  [1m[35m (0.1ms)[0m  [1m[35mBEGIN[0m
  ↳ db/seeds.rb:20
  [1m[36mCharge Create (0.1ms)[0m  [1m[32mINSERT INTO `charges` (`created`, `paid`, `amount`, `currency`, `refunded`, `customer_id`, `created_at`, `updated_at`) VALUES ('2021-04-27 08:09:25', TRUE, 4900, 'usd', FALSE, 9, '2021-04-27 08:09:25', '2021-04-27 08:09:25')[0m
  ↳ db/seeds.rb:20
  [1m[35m (0.3ms)[0m  [1m[35mCOMMIT[0m
  ↳ db/seeds.rb:20
  [1m[35m (0.1ms)[0m  [1m[35mBEGIN[0m
  ↳ db/seeds.rb:21
  [1m[36mCharge Create (0.1ms)[0m  [1m[32mINSERT INTO `charges` (`created`, `paid`, `amount`, `currency`, `refunded`, `customer_id`, `created_at`, `updated_at`) VALUES ('2021-04-27 08:09:25', FALSE, 4900, 'usd', FALSE, 9, '2021-04-27 08:09:25', '2021-04-27 08:09:25')[0m
  ↳ db/seeds.rb:21
  [1m[35m (0.3ms)[0m  [1m[35mCOMMIT[0m
  ↳ db/seeds.rb:21
  [1m[35m (0.1ms)[0m  [1m[35mBEGIN[0m
  ↳ db/seeds.rb:21
  [1m[36mCharge Create (0.2ms)[0m  [1m[32mINSERT INTO `charges` (`created`, `paid`, `amount`, `currency`, `refunded`, `customer_id`, `created_at`, `updated_at`) VALUES ('2021-04-27 08:09:25', FALSE, 4900, 'usd', FALSE, 9, '2021-04-27 08:09:25', '2021-04-27 08:09:25')[0m
  ↳ db/seeds.rb:21
  [1m[35m (0.3ms)[0m  [1m[35mCOMMIT[0m
  ↳ db/seeds.rb:21
  [1m[35m (0.1ms)[0m  [1m[35mBEGIN[0m
  ↳ db/seeds.rb:21
  [1m[36mCharge Create (0.1ms)[0m  [1m[32mINSERT INTO `charges` (`created`, `paid`, `amount`, `currency`, `refunded`, `customer_id`, `created_at`, `updated_at`) VALUES ('2021-04-27 08:09:25', FALSE, 4900, 'usd', FALSE, 9, '2021-04-27 08:09:25', '2021-04-27 08:09:25')[0m
  ↳ db/seeds.rb:21
  [1m[35m (0.3ms)[0m  [1m[35mCOMMIT[0m
  ↳ db/seeds.rb:21
  [1m[35m (0.1ms)[0m  [1m[35mBEGIN[0m
  ↳ db/seeds.rb:24
  [1m[36mCustomer Create (0.1ms)[0m  [1m[32mINSERT INTO `customers` (`first_name`, `last_name`, `created_at`, `updated_at`) VALUES ('Mike', 'Smith', '2021-04-27 08:09:25', '2021-04-27 08:09:25')[0m
  ↳ db/seeds.rb:24
  [1m[35m (0.3ms)[0m  [1m[35mCOMMIT[0m
  ↳ db/seeds.rb:24
  [1m[35m (0.1ms)[0m  [1m[35mBEGIN[0m
  ↳ db/seeds.rb:25
  [1m[36mCharge Create (0.1ms)[0m  [1m[32mINSERT INTO `charges` (`created`, `paid`, `amount`, `currency`, `refunded`, `customer_id`, `created_at`, `updated_at`) VALUES ('2021-04-27 08:09:25', TRUE, 4900, 'usd', FALSE, 10, '2021-04-27 08:09:25', '2021-04-27 08:09:25')[0m
  ↳ db/seeds.rb:25
  [1m[35m (0.4ms)[0m  [1m[35mCOMMIT[0m
  ↳ db/seeds.rb:25
  [1m[35m (0.1ms)[0m  [1m[35mBEGIN[0m
  ↳ db/seeds.rb:26
  [1m[36mCharge Create (0.1ms)[0m  [1m[32mINSERT INTO `charges` (`created`, `paid`, `amount`, `currency`, `refunded`, `customer_id`, `created_at`, `updated_at`) VALUES ('2021-04-27 08:09:25', FALSE, 4900, 'usd', FALSE, 10, '2021-04-27 08:09:25', '2021-04-27 08:09:25')[0m
  ↳ db/seeds.rb:26
  [1m[35m (0.3ms)[0m  [1m[35mCOMMIT[0m
  ↳ db/seeds.rb:26
  [1m[35m (0.1ms)[0m  [1m[35mBEGIN[0m
  ↳ db/seeds.rb:26
  [1m[36mCharge Create (0.1ms)[0m  [1m[32mINSERT INTO `charges` (`created`, `paid`, `amount`, `currency`, `refunded`, `customer_id`, `created_at`, `updated_at`) VALUES ('2021-04-27 08:09:25', FALSE, 4900, 'usd', FALSE, 10, '2021-04-27 08:09:25', '2021-04-27 08:09:25')[0m
  ↳ db/seeds.rb:26
  [1m[35m (0.3ms)[0m  [1m[35mCOMMIT[0m
  ↳ db/seeds.rb:26
Started GET "/" for ::1 at 2021-04-27 15:09:49 +0700
  [1m[35m (0.2ms)[0m  [1m[35mSET NAMES utf8,  @@SESSION.sql_mode = CONCAT(CONCAT(@@sql_mode, ',STRICT_ALL_TABLES'), ',NO_AUTO_VALUE_ON_ZERO'),  @@SESSION.sql_auto_is_null = 0, @@SESSION.wait_timeout = 2147483[0m
  ↳ /Users/yura/.rbenv/versions/2.7.2/lib/ruby/gems/2.7.0/gems/activerecord-5.2.5/lib/active_record/log_subscriber.rb:98
  [1m[35m (0.2ms)[0m  [1m[34mSELECT `schema_migrations`.`version` FROM `schema_migrations` ORDER BY `schema_migrations`.`version` ASC[0m
  ↳ /Users/yura/.rbenv/versions/2.7.2/lib/ruby/gems/2.7.0/gems/activerecord-5.2.5/lib/active_record/log_subscriber.rb:98
Processing by Rails::WelcomeController#index as HTML
  Rendering /Users/yura/.rbenv/versions/2.7.2/lib/ruby/gems/2.7.0/gems/railties-5.2.5/lib/rails/templates/rails/welcome/index.html.erb
  Rendered /Users/yura/.rbenv/versions/2.7.2/lib/ruby/gems/2.7.0/gems/railties-5.2.5/lib/rails/templates/rails/welcome/index.html.erb (2.7ms)
Completed 200 OK in 10ms (Views: 5.8ms | ActiveRecord: 0.0ms)


Started GET "/charges" for ::1 at 2021-04-27 15:09:54 +0700
Processing by ChargesController#index as HTML
  Rendering charges/index.html.erb within layouts/application
  [1m[36mCharge Load (0.4ms)[0m  [1m[34mSELECT `charges`.* FROM `charges`[0m
  ↳ app/views/charges/index.html.erb:19
  [1m[36mCustomer Load (0.3ms)[0m  [1m[34mSELECT  `customers`.* FROM `customers` WHERE `customers`.`id` = 7 LIMIT 1[0m
  ↳ app/views/charges/index.html.erb:26
  [1m[36mCACHE Customer Load (0.0ms)[0m  [1m[34mSELECT  `customers`.* FROM `customers` WHERE `customers`.`id` = 7 LIMIT 1[0m  [["id", 7], ["LIMIT", 1]]
  ↳ app/views/charges/index.html.erb:26
  [1m[36mCACHE Customer Load (0.0ms)[0m  [1m[34mSELECT  `customers`.* FROM `customers` WHERE `customers`.`id` = 7 LIMIT 1[0m  [["id", 7], ["LIMIT", 1]]
  ↳ app/views/charges/index.html.erb:26
  [1m[36mCACHE Customer Load (0.0ms)[0m  [1m[34mSELECT  `customers`.* FROM `customers` WHERE `customers`.`id` = 7 LIMIT 1[0m  [["id", 7], ["LIMIT", 1]]
  ↳ app/views/charges/index.html.erb:26
  [1m[36mCACHE Customer Load (0.0ms)[0m  [1m[34mSELECT  `customers`.* FROM `customers` WHERE `customers`.`id` = 7 LIMIT 1[0m  [["id", 7], ["LIMIT", 1]]
  ↳ app/views/charges/index.html.erb:26
  [1m[36mCACHE Customer Load (0.0ms)[0m  [1m[34mSELECT  `customers`.* FROM `customers` WHERE `customers`.`id` = 7 LIMIT 1[0m  [["id", 7], ["LIMIT", 1]]
  ↳ app/views/charges/index.html.erb:26
  [1m[36mCustomer Load (0.6ms)[0m  [1m[34mSELECT  `customers`.* FROM `customers` WHERE `customers`.`id` = 8 LIMIT 1[0m
  ↳ app/views/charges/index.html.erb:26
  [1m[36mCACHE Customer Load (0.0ms)[0m  [1m[34mSELECT  `customers`.* FROM `customers` WHERE `customers`.`id` = 8 LIMIT 1[0m  [["id", 8], ["LIMIT", 1]]
  ↳ app/views/charges/index.html.erb:26
  [1m[36mCACHE Customer Load (0.0ms)[0m  [1m[34mSELECT  `customers`.* FROM `customers` WHERE `customers`.`id` = 8 LIMIT 1[0m  [["id", 8], ["LIMIT", 1]]
  ↳ app/views/charges/index.html.erb:26
  [1m[36mCACHE Customer Load (0.0ms)[0m  [1m[34mSELECT  `customers`.* FROM `customers` WHERE `customers`.`id` = 8 LIMIT 1[0m  [["id", 8], ["LIMIT", 1]]
  ↳ app/views/charges/index.html.erb:26
  [1m[36mCACHE Customer Load (0.0ms)[0m  [1m[34mSELECT  `customers`.* FROM `customers` WHERE `customers`.`id` = 8 LIMIT 1[0m  [["id", 8], ["LIMIT", 1]]
  ↳ app/views/charges/index.html.erb:26
  [1m[36mCustomer Load (0.4ms)[0m  [1m[34mSELECT  `customers`.* FROM `customers` WHERE `customers`.`id` = 9 LIMIT 1[0m
  ↳ app/views/charges/index.html.erb:26
  [1m[36mCACHE Customer Load (0.0ms)[0m  [1m[34mSELECT  `customers`.* FROM `customers` WHERE `customers`.`id` = 9 LIMIT 1[0m  [["id", 9], ["LIMIT", 1]]
  ↳ app/views/charges/index.html.erb:26
  [1m[36mCACHE Customer Load (0.0ms)[0m  [1m[34mSELECT  `customers`.* FROM `customers` WHERE `customers`.`id` = 9 LIMIT 1[0m  [["id", 9], ["LIMIT", 1]]
  ↳ app/views/charges/index.html.erb:26
  [1m[36mCACHE Customer Load (0.0ms)[0m  [1m[34mSELECT  `customers`.* FROM `customers` WHERE `customers`.`id` = 9 LIMIT 1[0m  [["id", 9], ["LIMIT", 1]]
  ↳ app/views/charges/index.html.erb:26
  [1m[36mCustomer Load (0.2ms)[0m  [1m[34mSELECT  `customers`.* FROM `customers` WHERE `customers`.`id` = 10 LIMIT 1[0m
  ↳ app/views/charges/index.html.erb:26
  [1m[36mCACHE Customer Load (0.0ms)[0m  [1m[34mSELECT  `customers`.* FROM `customers` WHERE `customers`.`id` = 10 LIMIT 1[0m  [["id", 10], ["LIMIT", 1]]
  ↳ app/views/charges/index.html.erb:26
  [1m[36mCACHE Customer Load (0.0ms)[0m  [1m[34mSELECT  `customers`.* FROM `customers` WHERE `customers`.`id` = 10 LIMIT 1[0m  [["id", 10], ["LIMIT", 1]]
  ↳ app/views/charges/index.html.erb:26
  Rendered charges/index.html.erb within layouts/application (35.9ms)
Completed 200 OK in 217ms (Views: 208.4ms | ActiveRecord: 5.6ms)


Started GET "/charges" for ::1 at 2021-04-27 15:20:28 +0700
  [1m[35m (0.2ms)[0m  [1m[35mSET NAMES utf8,  @@SESSION.sql_mode = CONCAT(CONCAT(@@sql_mode, ',STRICT_ALL_TABLES'), ',NO_AUTO_VALUE_ON_ZERO'),  @@SESSION.sql_auto_is_null = 0, @@SESSION.wait_timeout = 2147483[0m
  ↳ /Users/yura/.rbenv/versions/2.7.2/lib/ruby/gems/2.7.0/gems/activerecord-5.2.5/lib/active_record/log_subscriber.rb:98
Processing by ChargesController#index as HTML
  Rendering charges/index.html.erb within layouts/application
  [1m[36mCharge Load (0.4ms)[0m  [1m[34mSELECT `charges`.* FROM `charges` WHERE `charges`.`paid` = FALSE[0m
  ↳ app/views/charges/index.html.erb:13
  [1m[36mCustomer Load (0.2ms)[0m  [1m[34mSELECT  `customers`.* FROM `customers` WHERE `customers`.`id` = 9 LIMIT 1[0m
  ↳ app/models/charge.rb:8
  [1m[36mCACHE Customer Load (0.0ms)[0m  [1m[34mSELECT  `customers`.* FROM `customers` WHERE `customers`.`id` = 9 LIMIT 1[0m  [["id", 9], ["LIMIT", 1]]
  ↳ app/models/charge.rb:8
  [1m[36mCACHE Customer Load (0.0ms)[0m  [1m[34mSELECT  `customers`.* FROM `customers` WHERE `customers`.`id` = 9 LIMIT 1[0m  [["id", 9], ["LIMIT", 1]]
  ↳ app/models/charge.rb:8
  [1m[36mCustomer Load (0.3ms)[0m  [1m[34mSELECT  `customers`.* FROM `customers` WHERE `customers`.`id` = 10 LIMIT 1[0m
  ↳ app/models/charge.rb:8
  [1m[36mCACHE Customer Load (0.0ms)[0m  [1m[34mSELECT  `customers`.* FROM `customers` WHERE `customers`.`id` = 10 LIMIT 1[0m  [["id", 10], ["LIMIT", 1]]
  ↳ app/models/charge.rb:8
  Rendered charges/index.html.erb within layouts/application (18.0ms)
Completed 200 OK in 35ms (Views: 25.9ms | ActiveRecord: 4.9ms)


Started GET "/charges" for ::1 at 2021-04-27 15:22:45 +0700
Processing by ChargesController#index as HTML
  Rendering charges/index.html.erb within layouts/application
  [1m[36mCharge Load (0.2ms)[0m  [1m[34mSELECT `charges`.* FROM `charges` WHERE `charges`.`paid` = FALSE[0m
  ↳ app/views/charges/index.html.erb:13
  [1m[36mCustomer Load (0.2ms)[0m  [1m[34mSELECT  `customers`.* FROM `customers` WHERE `customers`.`id` = 9 LIMIT 1[0m
  ↳ app/models/charge.rb:8
  [1m[36mCACHE Customer Load (0.0ms)[0m  [1m[34mSELECT  `customers`.* FROM `customers` WHERE `customers`.`id` = 9 LIMIT 1[0m  [["id", 9], ["LIMIT", 1]]
  ↳ app/models/charge.rb:8
  [1m[36mCACHE Customer Load (0.0ms)[0m  [1m[34mSELECT  `customers`.* FROM `customers` WHERE `customers`.`id` = 9 LIMIT 1[0m  [["id", 9], ["LIMIT", 1]]
  ↳ app/models/charge.rb:8
  [1m[36mCustomer Load (0.2ms)[0m  [1m[34mSELECT  `customers`.* FROM `customers` WHERE `customers`.`id` = 10 LIMIT 1[0m
  ↳ app/models/charge.rb:8
  [1m[36mCACHE Customer Load (0.0ms)[0m  [1m[34mSELECT  `customers`.* FROM `customers` WHERE `customers`.`id` = 10 LIMIT 1[0m  [["id", 10], ["LIMIT", 1]]
  ↳ app/models/charge.rb:8
  Rendered charges/index.html.erb within layouts/application (3.4ms)
Completed 200 OK in 24ms (Views: 22.4ms | ActiveRecord: 0.6ms)


Started GET "/charges" for ::1 at 2021-04-27 15:23:19 +0700
Processing by ChargesController#index as HTML
  Rendering charges/index.html.erb within layouts/application
  [1m[36mCharge Load (0.2ms)[0m  [1m[34mSELECT `charges`.* FROM `charges` WHERE `charges`.`paid` = FALSE[0m
  ↳ app/views/charges/index.html.erb:13
  [1m[36mCustomer Load (0.2ms)[0m  [1m[34mSELECT  `customers`.* FROM `customers` WHERE `customers`.`id` = 9 LIMIT 1[0m
  ↳ app/models/charge.rb:8
  [1m[36mCACHE Customer Load (0.0ms)[0m  [1m[34mSELECT  `customers`.* FROM `customers` WHERE `customers`.`id` = 9 LIMIT 1[0m  [["id", 9], ["LIMIT", 1]]
  ↳ app/models/charge.rb:8
  [1m[36mCACHE Customer Load (0.0ms)[0m  [1m[34mSELECT  `customers`.* FROM `customers` WHERE `customers`.`id` = 9 LIMIT 1[0m  [["id", 9], ["LIMIT", 1]]
  ↳ app/models/charge.rb:8
  [1m[36mCustomer Load (0.1ms)[0m  [1m[34mSELECT  `customers`.* FROM `customers` WHERE `customers`.`id` = 10 LIMIT 1[0m
  ↳ app/models/charge.rb:8
  [1m[36mCACHE Customer Load (0.0ms)[0m  [1m[34mSELECT  `customers`.* FROM `customers` WHERE `customers`.`id` = 10 LIMIT 1[0m  [["id", 10], ["LIMIT", 1]]
  ↳ app/models/charge.rb:8
  Rendered charges/index.html.erb within layouts/application (3.4ms)
Completed 200 OK in 15ms (Views: 13.5ms | ActiveRecord: 0.5ms)


Started GET "/charges" for ::1 at 2021-04-27 15:23:34 +0700
Processing by ChargesController#index as HTML
  Rendering charges/index.html.erb within layouts/application
  [1m[36mCharge Load (0.3ms)[0m  [1m[34mSELECT `charges`.* FROM `charges` WHERE `charges`.`paid` = FALSE[0m
  ↳ app/views/charges/index.html.erb:13
  [1m[36mCustomer Load (0.2ms)[0m  [1m[34mSELECT  `customers`.* FROM `customers` WHERE `customers`.`id` = 9 LIMIT 1[0m
  ↳ app/models/charge.rb:8
  [1m[36mCACHE Customer Load (0.0ms)[0m  [1m[34mSELECT  `customers`.* FROM `customers` WHERE `customers`.`id` = 9 LIMIT 1[0m  [["id", 9], ["LIMIT", 1]]
  ↳ app/models/charge.rb:8
  [1m[36mCACHE Customer Load (0.0ms)[0m  [1m[34mSELECT  `customers`.* FROM `customers` WHERE `customers`.`id` = 9 LIMIT 1[0m  [["id", 9], ["LIMIT", 1]]
  ↳ app/models/charge.rb:8
  [1m[36mCustomer Load (0.1ms)[0m  [1m[34mSELECT  `customers`.* FROM `customers` WHERE `customers`.`id` = 10 LIMIT 1[0m
  ↳ app/models/charge.rb:8
  [1m[36mCACHE Customer Load (0.0ms)[0m  [1m[34mSELECT  `customers`.* FROM `customers` WHERE `customers`.`id` = 10 LIMIT 1[0m  [["id", 10], ["LIMIT", 1]]
  ↳ app/models/charge.rb:8
  Rendered charges/index.html.erb within layouts/application (3.9ms)
Completed 500 Internal Server Error in 21ms (ActiveRecord: 0.6ms)


  
ActionView::Template::Error (Invalid CSS after "  color": expected ";", was ": white"):
     5:     <%= csrf_meta_tags %>
     6:     <%= csp_meta_tag %>
     7: 
     8:     <%= stylesheet_link_tag    'application', media: 'all', 'data-turbolinks-track': 'reload' %>
     9:     <%= javascript_include_tag 'application', 'data-turbolinks-track': 'reload' %>
    10:   </head>
    11: 
  
app/assets/stylesheets/charges.scss:7
app/views/layouts/application.html.erb:8:in `_app_views_layouts_application_html_erb__3849067131479775759_19840'
Started GET "/charges" for ::1 at 2021-04-27 15:23:40 +0700
Processing by ChargesController#index as HTML
  Rendering charges/index.html.erb within layouts/application
  [1m[36mCharge Load (0.3ms)[0m  [1m[34mSELECT `charges`.* FROM `charges` WHERE `charges`.`paid` = FALSE[0m
  ↳ app/views/charges/index.html.erb:13
  [1m[36mCustomer Load (0.2ms)[0m  [1m[34mSELECT  `customers`.* FROM `customers` WHERE `customers`.`id` = 9 LIMIT 1[0m
  ↳ app/models/charge.rb:8
  [1m[36mCACHE Customer Load (0.0ms)[0m  [1m[34mSELECT  `customers`.* FROM `customers` WHERE `customers`.`id` = 9 LIMIT 1[0m  [["id", 9], ["LIMIT", 1]]
  ↳ app/models/charge.rb:8
  [1m[36mCACHE Customer Load (0.0ms)[0m  [1m[34mSELECT  `customers`.* FROM `customers` WHERE `customers`.`id` = 9 LIMIT 1[0m  [["id", 9], ["LIMIT", 1]]
  ↳ app/models/charge.rb:8
  [1m[36mCustomer Load (0.2ms)[0m  [1m[34mSELECT  `customers`.* FROM `customers` WHERE `customers`.`id` = 10 LIMIT 1[0m
  ↳ app/models/charge.rb:8
  [1m[36mCACHE Customer Load (0.0ms)[0m  [1m[34mSELECT  `customers`.* FROM `customers` WHERE `customers`.`id` = 10 LIMIT 1[0m  [["id", 10], ["LIMIT", 1]]
  ↳ app/models/charge.rb:8
  Rendered charges/index.html.erb within layouts/application (4.3ms)
Completed 500 Internal Server Error in 15ms (ActiveRecord: 0.7ms)


  
ActionView::Template::Error (Invalid CSS after "  color": expected ";", was ": white;"):
     5:     <%= csrf_meta_tags %>
     6:     <%= csp_meta_tag %>
     7: 
     8:     <%= stylesheet_link_tag    'application', media: 'all', 'data-turbolinks-track': 'reload' %>
     9:     <%= javascript_include_tag 'application', 'data-turbolinks-track': 'reload' %>
    10:   </head>
    11: 
  
app/assets/stylesheets/charges.scss:7
app/views/layouts/application.html.erb:8:in `_app_views_layouts_application_html_erb__3849067131479775759_20380'
Started GET "/charges" for ::1 at 2021-04-27 15:23:47 +0700
Processing by ChargesController#index as HTML
  Rendering charges/index.html.erb within layouts/application
  [1m[36mCharge Load (0.3ms)[0m  [1m[34mSELECT `charges`.* FROM `charges` WHERE `charges`.`paid` = FALSE[0m
  ↳ app/views/charges/index.html.erb:13
  [1m[36mCustomer Load (0.2ms)[0m  [1m[34mSELECT  `customers`.* FROM `customers` WHERE `customers`.`id` = 9 LIMIT 1[0m
  ↳ app/models/charge.rb:8
  [1m[36mCACHE Customer Load (0.0ms)[0m  [1m[34mSELECT  `customers`.* FROM `customers` WHERE `customers`.`id` = 9 LIMIT 1[0m  [["id", 9], ["LIMIT", 1]]
  ↳ app/models/charge.rb:8
  [1m[36mCACHE Customer Load (0.1ms)[0m  [1m[34mSELECT  `customers`.* FROM `customers` WHERE `customers`.`id` = 9 LIMIT 1[0m  [["id", 9], ["LIMIT", 1]]
  ↳ app/models/charge.rb:8
  [1m[36mCustomer Load (0.2ms)[0m  [1m[34mSELECT  `customers`.* FROM `customers` WHERE `customers`.`id` = 10 LIMIT 1[0m
  ↳ app/models/charge.rb:8
  [1m[36mCACHE Customer Load (0.0ms)[0m  [1m[34mSELECT  `customers`.* FROM `customers` WHERE `customers`.`id` = 10 LIMIT 1[0m  [["id", 10], ["LIMIT", 1]]
  ↳ app/models/charge.rb:8
  Rendered charges/index.html.erb within layouts/application (4.6ms)
Completed 200 OK in 29ms (Views: 27.2ms | ActiveRecord: 0.8ms)


Started GET "/charges" for ::1 at 2021-04-27 15:25:03 +0700
Processing by ChargesController#index as HTML
  Rendering charges/index.html.erb within layouts/application
  [1m[36mCharge Load (0.4ms)[0m  [1m[34mSELECT `charges`.* FROM `charges` WHERE `charges`.`paid` = FALSE[0m
  ↳ app/views/charges/_table.html.erb:11
  [1m[36mCustomer Load (0.2ms)[0m  [1m[34mSELECT  `customers`.* FROM `customers` WHERE `customers`.`id` = 9 LIMIT 1[0m
  ↳ app/models/charge.rb:8
  [1m[36mCACHE Customer Load (0.0ms)[0m  [1m[34mSELECT  `customers`.* FROM `customers` WHERE `customers`.`id` = 9 LIMIT 1[0m  [["id", 9], ["LIMIT", 1]]
  ↳ app/models/charge.rb:8
  [1m[36mCACHE Customer Load (0.0ms)[0m  [1m[34mSELECT  `customers`.* FROM `customers` WHERE `customers`.`id` = 9 LIMIT 1[0m  [["id", 9], ["LIMIT", 1]]
  ↳ app/models/charge.rb:8
  [1m[36mCustomer Load (0.2ms)[0m  [1m[34mSELECT  `customers`.* FROM `customers` WHERE `customers`.`id` = 10 LIMIT 1[0m
  ↳ app/models/charge.rb:8
  [1m[36mCACHE Customer Load (0.0ms)[0m  [1m[34mSELECT  `customers`.* FROM `customers` WHERE `customers`.`id` = 10 LIMIT 1[0m  [["id", 10], ["LIMIT", 1]]
  ↳ app/models/charge.rb:8
  Rendered charges/_table.html.erb (5.7ms)
  Rendered charges/index.html.erb within layouts/application (7.0ms)
Completed 200 OK in 41ms (Views: 38.5ms | ActiveRecord: 0.7ms)


Started GET "/charges" for ::1 at 2021-04-27 15:26:23 +0700
Processing by ChargesController#index as HTML
  Rendering charges/index.html.erb within layouts/application
  [1m[36mCharge Load (0.3ms)[0m  [1m[34mSELECT `charges`.* FROM `charges` WHERE `charges`.`paid` = FALSE[0m
  ↳ app/views/charges/_table.html.erb:11
  [1m[36mCustomer Load (0.2ms)[0m  [1m[34mSELECT  `customers`.* FROM `customers` WHERE `customers`.`id` = 9 LIMIT 1[0m
  ↳ app/models/charge.rb:8
  [1m[36mCACHE Customer Load (0.0ms)[0m  [1m[34mSELECT  `customers`.* FROM `customers` WHERE `customers`.`id` = 9 LIMIT 1[0m  [["id", 9], ["LIMIT", 1]]
  ↳ app/models/charge.rb:8
  [1m[36mCACHE Customer Load (0.0ms)[0m  [1m[34mSELECT  `customers`.* FROM `customers` WHERE `customers`.`id` = 9 LIMIT 1[0m  [["id", 9], ["LIMIT", 1]]
  ↳ app/models/charge.rb:8
  [1m[36mCustomer Load (0.1ms)[0m  [1m[34mSELECT  `customers`.* FROM `customers` WHERE `customers`.`id` = 10 LIMIT 1[0m
  ↳ app/models/charge.rb:8
  [1m[36mCACHE Customer Load (0.0ms)[0m  [1m[34mSELECT  `customers`.* FROM `customers` WHERE `customers`.`id` = 10 LIMIT 1[0m  [["id", 10], ["LIMIT", 1]]
  ↳ app/models/charge.rb:8
  Rendered charges/_table.html.erb (3.8ms)
  [1m[36mCharge Load (0.5ms)[0m  [1m[34mSELECT `charges`.* FROM `charges` WHERE `charges`.`paid` = TRUE AND `charges`.`disputed` != TRUE[0m
  ↳ app/views/charges/_table.html.erb:11
  Rendered charges/_table.html.erb (1.3ms)
  Rendered charges/index.html.erb within layouts/application (6.5ms)
Completed 500 Internal Server Error in 9ms (ActiveRecord: 1.1ms)


  
ActionView::Template::Error (Mysql2::Error: Unknown column 'charges.disputed' in 'where clause': SELECT `charges`.* FROM `charges` WHERE `charges`.`paid` = TRUE AND `charges`.`disputed` != TRUE):
     8:   </thead>
     9: 
    10:   <tbody>
    11:     <% charges.each do |charge| %>
    12:       <tr class="<%= css_class %>">
    13:         <td><%= charge.customer_name %></td>
    14:         <td><%= charge.amount %></td>
  
app/views/charges/_table.html.erb:11:in `_app_views_charges__table_html_erb___3328889332719474941_21140'
app/views/charges/index.html.erb:8:in `_app_views_charges_index_html_erb___861701084868332147_21120'
Started GET "/charges" for ::1 at 2021-04-27 15:27:09 +0700
Processing by ChargesController#index as HTML
  Rendering charges/index.html.erb within layouts/application
  [1m[36mCharge Load (0.2ms)[0m  [1m[34mSELECT `charges`.* FROM `charges` WHERE `charges`.`paid` = FALSE[0m
  ↳ app/views/charges/_table.html.erb:11
  [1m[36mCustomer Load (0.1ms)[0m  [1m[34mSELECT  `customers`.* FROM `customers` WHERE `customers`.`id` = 9 LIMIT 1[0m
  ↳ app/models/charge.rb:8
  [1m[36mCACHE Customer Load (0.0ms)[0m  [1m[34mSELECT  `customers`.* FROM `customers` WHERE `customers`.`id` = 9 LIMIT 1[0m  [["id", 9], ["LIMIT", 1]]
  ↳ app/models/charge.rb:8
  [1m[36mCACHE Customer Load (0.0ms)[0m  [1m[34mSELECT  `customers`.* FROM `customers` WHERE `customers`.`id` = 9 LIMIT 1[0m  [["id", 9], ["LIMIT", 1]]
  ↳ app/models/charge.rb:8
  [1m[36mCustomer Load (0.2ms)[0m  [1m[34mSELECT  `customers`.* FROM `customers` WHERE `customers`.`id` = 10 LIMIT 1[0m
  ↳ app/models/charge.rb:8
  [1m[36mCACHE Customer Load (0.0ms)[0m  [1m[34mSELECT  `customers`.* FROM `customers` WHERE `customers`.`id` = 10 LIMIT 1[0m  [["id", 10], ["LIMIT", 1]]
  ↳ app/models/charge.rb:8
  Rendered charges/_table.html.erb (16.6ms)
  [1m[36mCharge Load (0.2ms)[0m  [1m[34mSELECT `charges`.* FROM `charges` WHERE `charges`.`paid` = TRUE AND `charges`.`refunded` != TRUE[0m
  ↳ app/views/charges/_table.html.erb:11
  [1m[36mCustomer Load (0.1ms)[0m  [1m[34mSELECT  `customers`.* FROM `customers` WHERE `customers`.`id` = 7 LIMIT 1[0m
  ↳ app/models/charge.rb:8
  [1m[36mCACHE Customer Load (0.0ms)[0m  [1m[34mSELECT  `customers`.* FROM `customers` WHERE `customers`.`id` = 7 LIMIT 1[0m  [["id", 7], ["LIMIT", 1]]
  ↳ app/models/charge.rb:8
  [1m[36mCACHE Customer Load (0.0ms)[0m  [1m[34mSELECT  `customers`.* FROM `customers` WHERE `customers`.`id` = 7 LIMIT 1[0m  [["id", 7], ["LIMIT", 1]]
  ↳ app/models/charge.rb:8
  [1m[36mCACHE Customer Load (0.0ms)[0m  [1m[34mSELECT  `customers`.* FROM `customers` WHERE `customers`.`id` = 7 LIMIT 1[0m  [["id", 7], ["LIMIT", 1]]
  ↳ app/models/charge.rb:8
  [1m[36mCACHE Customer Load (0.0ms)[0m  [1m[34mSELECT  `customers`.* FROM `customers` WHERE `customers`.`id` = 7 LIMIT 1[0m  [["id", 7], ["LIMIT", 1]]
  ↳ app/models/charge.rb:8
  [1m[36mCustomer Load (0.2ms)[0m  [1m[34mSELECT  `customers`.* FROM `customers` WHERE `customers`.`id` = 8 LIMIT 1[0m
  ↳ app/models/charge.rb:8
  [1m[36mCACHE Customer Load (0.0ms)[0m  [1m[34mSELECT  `customers`.* FROM `customers` WHERE `customers`.`id` = 8 LIMIT 1[0m  [["id", 8], ["LIMIT", 1]]
  ↳ app/models/charge.rb:8
  [1m[36mCACHE Customer Load (0.0ms)[0m  [1m[34mSELECT  `customers`.* FROM `customers` WHERE `customers`.`id` = 8 LIMIT 1[0m  [["id", 8], ["LIMIT", 1]]
  ↳ app/models/charge.rb:8
  [1m[36mCACHE Customer Load (0.0ms)[0m  [1m[34mSELECT  `customers`.* FROM `customers` WHERE `customers`.`id` = 9 LIMIT 1[0m  [["id", 9], ["LIMIT", 1]]
  ↳ app/models/charge.rb:8
  [1m[36mCACHE Customer Load (0.0ms)[0m  [1m[34mSELECT  `customers`.* FROM `customers` WHERE `customers`.`id` = 10 LIMIT 1[0m  [["id", 10], ["LIMIT", 1]]
  ↳ app/models/charge.rb:8
  Rendered charges/_table.html.erb (5.2ms)
  Rendered charges/index.html.erb within layouts/application (23.0ms)
Completed 200 OK in 39ms (Views: 30.4ms | ActiveRecord: 4.7ms)


Started GET "/charges" for ::1 at 2021-04-27 15:30:27 +0700
Processing by ChargesController#index as HTML
  Rendering charges/index.html.erb within layouts/application
  [1m[36mCharge Load (0.3ms)[0m  [1m[34mSELECT `charges`.* FROM `charges` WHERE `charges`.`paid` = FALSE[0m
  ↳ app/views/charges/_table.html.erb:11
  [1m[36mCustomer Load (0.2ms)[0m  [1m[34mSELECT  `customers`.* FROM `customers` WHERE `customers`.`id` = 9 LIMIT 1[0m
  ↳ app/models/charge.rb:8
  [1m[36mCACHE Customer Load (0.0ms)[0m  [1m[34mSELECT  `customers`.* FROM `customers` WHERE `customers`.`id` = 9 LIMIT 1[0m  [["id", 9], ["LIMIT", 1]]
  ↳ app/models/charge.rb:8
  [1m[36mCACHE Customer Load (0.0ms)[0m  [1m[34mSELECT  `customers`.* FROM `customers` WHERE `customers`.`id` = 9 LIMIT 1[0m  [["id", 9], ["LIMIT", 1]]
  ↳ app/models/charge.rb:8
  [1m[36mCustomer Load (0.1ms)[0m  [1m[34mSELECT  `customers`.* FROM `customers` WHERE `customers`.`id` = 10 LIMIT 1[0m
  ↳ app/models/charge.rb:8
  [1m[36mCACHE Customer Load (0.0ms)[0m  [1m[34mSELECT  `customers`.* FROM `customers` WHERE `customers`.`id` = 10 LIMIT 1[0m  [["id", 10], ["LIMIT", 1]]
  ↳ app/models/charge.rb:8
  Rendered charges/_table.html.erb (3.5ms)
  Rendered charges/_table.html.erb (0.1ms)
  [1m[36mCharge Load (0.2ms)[0m  [1m[34mSELECT `charges`.* FROM `charges` WHERE `charges`.`paid` = TRUE AND `charges`.`refunded` != TRUE[0m
  ↳ app/views/charges/_table.html.erb:11
  [1m[36mCustomer Load (0.2ms)[0m  [1m[34mSELECT  `customers`.* FROM `customers` WHERE `customers`.`id` = 7 LIMIT 1[0m
  ↳ app/models/charge.rb:8
  [1m[36mCACHE Customer Load (0.0ms)[0m  [1m[34mSELECT  `customers`.* FROM `customers` WHERE `customers`.`id` = 7 LIMIT 1[0m  [["id", 7], ["LIMIT", 1]]
  ↳ app/models/charge.rb:8
  [1m[36mCACHE Customer Load (0.0ms)[0m  [1m[34mSELECT  `customers`.* FROM `customers` WHERE `customers`.`id` = 7 LIMIT 1[0m  [["id", 7], ["LIMIT", 1]]
  ↳ app/models/charge.rb:8
  [1m[36mCACHE Customer Load (0.0ms)[0m  [1m[34mSELECT  `customers`.* FROM `customers` WHERE `customers`.`id` = 7 LIMIT 1[0m  [["id", 7], ["LIMIT", 1]]
  ↳ app/models/charge.rb:8
  [1m[36mCACHE Customer Load (0.0ms)[0m  [1m[34mSELECT  `customers`.* FROM `customers` WHERE `customers`.`id` = 7 LIMIT 1[0m  [["id", 7], ["LIMIT", 1]]
  ↳ app/models/charge.rb:8
  [1m[36mCustomer Load (0.2ms)[0m  [1m[34mSELECT  `customers`.* FROM `customers` WHERE `customers`.`id` = 8 LIMIT 1[0m
  ↳ app/models/charge.rb:8
  [1m[36mCACHE Customer Load (0.0ms)[0m  [1m[34mSELECT  `customers`.* FROM `customers` WHERE `customers`.`id` = 8 LIMIT 1[0m  [["id", 8], ["LIMIT", 1]]
  ↳ app/models/charge.rb:8
  [1m[36mCACHE Customer Load (0.0ms)[0m  [1m[34mSELECT  `customers`.* FROM `customers` WHERE `customers`.`id` = 8 LIMIT 1[0m  [["id", 8], ["LIMIT", 1]]
  ↳ app/models/charge.rb:8
  [1m[36mCACHE Customer Load (0.0ms)[0m  [1m[34mSELECT  `customers`.* FROM `customers` WHERE `customers`.`id` = 9 LIMIT 1[0m  [["id", 9], ["LIMIT", 1]]
  ↳ app/models/charge.rb:8
  [1m[36mCACHE Customer Load (0.0ms)[0m  [1m[34mSELECT  `customers`.* FROM `customers` WHERE `customers`.`id` = 10 LIMIT 1[0m  [["id", 10], ["LIMIT", 1]]
  ↳ app/models/charge.rb:8
  Rendered charges/_table.html.erb (5.3ms)
  Rendered charges/index.html.erb within layouts/application (10.6ms)
Completed 200 OK in 33ms (Views: 30.6ms | ActiveRecord: 1.2ms)


Started GET "/charges" for ::1 at 2021-04-27 15:30:45 +0700
Processing by ChargesController#index as HTML
  Rendering charges/index.html.erb within layouts/application
  [1m[36mCharge Load (0.3ms)[0m  [1m[34mSELECT `charges`.* FROM `charges` WHERE `charges`.`paid` = FALSE[0m
  ↳ app/views/charges/_table.html.erb:11
  [1m[36mCustomer Load (0.2ms)[0m  [1m[34mSELECT  `customers`.* FROM `customers` WHERE `customers`.`id` = 9 LIMIT 1[0m
  ↳ app/models/charge.rb:8
  [1m[36mCACHE Customer Load (0.0ms)[0m  [1m[34mSELECT  `customers`.* FROM `customers` WHERE `customers`.`id` = 9 LIMIT 1[0m  [["id", 9], ["LIMIT", 1]]
  ↳ app/models/charge.rb:8
  [1m[36mCACHE Customer Load (0.0ms)[0m  [1m[34mSELECT  `customers`.* FROM `customers` WHERE `customers`.`id` = 9 LIMIT 1[0m  [["id", 9], ["LIMIT", 1]]
  ↳ app/models/charge.rb:8
  [1m[36mCustomer Load (0.2ms)[0m  [1m[34mSELECT  `customers`.* FROM `customers` WHERE `customers`.`id` = 10 LIMIT 1[0m
  ↳ app/models/charge.rb:8
  [1m[36mCACHE Customer Load (0.0ms)[0m  [1m[34mSELECT  `customers`.* FROM `customers` WHERE `customers`.`id` = 10 LIMIT 1[0m  [["id", 10], ["LIMIT", 1]]
  ↳ app/models/charge.rb:8
  Rendered charges/_table.html.erb (4.2ms)
  Rendered charges/_table.html.erb (0.1ms)
  [1m[36mCharge Load (0.2ms)[0m  [1m[34mSELECT `charges`.* FROM `charges` WHERE `charges`.`paid` = TRUE AND `charges`.`refunded` != TRUE[0m
  ↳ app/views/charges/_table.html.erb:11
  [1m[36mCustomer Load (0.1ms)[0m  [1m[34mSELECT  `customers`.* FROM `customers` WHERE `customers`.`id` = 7 LIMIT 1[0m
  ↳ app/models/charge.rb:8
  [1m[36mCACHE Customer Load (0.0ms)[0m  [1m[34mSELECT  `customers`.* FROM `customers` WHERE `customers`.`id` = 7 LIMIT 1[0m  [["id", 7], ["LIMIT", 1]]
  ↳ app/models/charge.rb:8
  [1m[36mCACHE Customer Load (0.0ms)[0m  [1m[34mSELECT  `customers`.* FROM `customers` WHERE `customers`.`id` = 7 LIMIT 1[0m  [["id", 7], ["LIMIT", 1]]
  ↳ app/models/charge.rb:8
  [1m[36mCACHE Customer Load (0.0ms)[0m  [1m[34mSELECT  `customers`.* FROM `customers` WHERE `customers`.`id` = 7 LIMIT 1[0m  [["id", 7], ["LIMIT", 1]]
  ↳ app/models/charge.rb:8
  [1m[36mCACHE Customer Load (0.0ms)[0m  [1m[34mSELECT  `customers`.* FROM `customers` WHERE `customers`.`id` = 7 LIMIT 1[0m  [["id", 7], ["LIMIT", 1]]
  ↳ app/models/charge.rb:8
  [1m[36mCustomer Load (0.2ms)[0m  [1m[34mSELECT  `customers`.* FROM `customers` WHERE `customers`.`id` = 8 LIMIT 1[0m
  ↳ app/models/charge.rb:8
  [1m[36mCACHE Customer Load (0.0ms)[0m  [1m[34mSELECT  `customers`.* FROM `customers` WHERE `customers`.`id` = 8 LIMIT 1[0m  [["id", 8], ["LIMIT", 1]]
  ↳ app/models/charge.rb:8
  [1m[36mCACHE Customer Load (0.0ms)[0m  [1m[34mSELECT  `customers`.* FROM `customers` WHERE `customers`.`id` = 8 LIMIT 1[0m  [["id", 8], ["LIMIT", 1]]
  ↳ app/models/charge.rb:8
  [1m[36mCACHE Customer Load (0.0ms)[0m  [1m[34mSELECT  `customers`.* FROM `customers` WHERE `customers`.`id` = 9 LIMIT 1[0m  [["id", 9], ["LIMIT", 1]]
  ↳ app/models/charge.rb:8
  [1m[36mCACHE Customer Load (0.0ms)[0m  [1m[34mSELECT  `customers`.* FROM `customers` WHERE `customers`.`id` = 10 LIMIT 1[0m  [["id", 10], ["LIMIT", 1]]
  ↳ app/models/charge.rb:8
  Rendered charges/_table.html.erb (5.6ms)
  Rendered charges/index.html.erb within layouts/application (11.8ms)
Completed 200 OK in 33ms (Views: 30.8ms | ActiveRecord: 1.2ms)


Started GET "/charges" for ::1 at 2021-04-27 15:33:38 +0700
Processing by ChargesController#index as HTML
  Rendering charges/index.html.erb within layouts/application
  [1m[36mCharge Load (0.3ms)[0m  [1m[34mSELECT `charges`.* FROM `charges` WHERE `charges`.`paid` = FALSE[0m
  ↳ app/views/charges/_table.html.erb:11
  [1m[36mCustomer Load (0.2ms)[0m  [1m[34mSELECT  `customers`.* FROM `customers` WHERE `customers`.`id` = 9 LIMIT 1[0m
  ↳ app/models/charge.rb:8
  [1m[36mCACHE Customer Load (0.0ms)[0m  [1m[34mSELECT  `customers`.* FROM `customers` WHERE `customers`.`id` = 9 LIMIT 1[0m  [["id", 9], ["LIMIT", 1]]
  ↳ app/models/charge.rb:8
  [1m[36mCACHE Customer Load (0.0ms)[0m  [1m[34mSELECT  `customers`.* FROM `customers` WHERE `customers`.`id` = 9 LIMIT 1[0m  [["id", 9], ["LIMIT", 1]]
  ↳ app/models/charge.rb:8
  [1m[36mCustomer Load (0.2ms)[0m  [1m[34mSELECT  `customers`.* FROM `customers` WHERE `customers`.`id` = 10 LIMIT 1[0m
  ↳ app/models/charge.rb:8
  [1m[36mCACHE Customer Load (0.0ms)[0m  [1m[34mSELECT  `customers`.* FROM `customers` WHERE `customers`.`id` = 10 LIMIT 1[0m  [["id", 10], ["LIMIT", 1]]
  ↳ app/models/charge.rb:8
  Rendered charges/_table.html.erb (3.8ms)
  Rendered charges/_table.html.erb (0.1ms)
  [1m[36mCharge Load (0.2ms)[0m  [1m[34mSELECT `charges`.* FROM `charges` WHERE `charges`.`paid` = TRUE AND `charges`.`refunded` != TRUE[0m
  ↳ app/views/charges/_table.html.erb:11
  [1m[36mCustomer Load (0.1ms)[0m  [1m[34mSELECT  `customers`.* FROM `customers` WHERE `customers`.`id` = 7 LIMIT 1[0m
  ↳ app/models/charge.rb:8
  [1m[36mCACHE Customer Load (0.0ms)[0m  [1m[34mSELECT  `customers`.* FROM `customers` WHERE `customers`.`id` = 7 LIMIT 1[0m  [["id", 7], ["LIMIT", 1]]
  ↳ app/models/charge.rb:8
  [1m[36mCACHE Customer Load (0.0ms)[0m  [1m[34mSELECT  `customers`.* FROM `customers` WHERE `customers`.`id` = 7 LIMIT 1[0m  [["id", 7], ["LIMIT", 1]]
  ↳ app/models/charge.rb:8
  [1m[36mCACHE Customer Load (0.0ms)[0m  [1m[34mSELECT  `customers`.* FROM `customers` WHERE `customers`.`id` = 7 LIMIT 1[0m  [["id", 7], ["LIMIT", 1]]
  ↳ app/models/charge.rb:8
  [1m[36mCACHE Customer Load (0.0ms)[0m  [1m[34mSELECT  `customers`.* FROM `customers` WHERE `customers`.`id` = 7 LIMIT 1[0m  [["id", 7], ["LIMIT", 1]]
  ↳ app/models/charge.rb:8
  [1m[36mCustomer Load (0.1ms)[0m  [1m[34mSELECT  `customers`.* FROM `customers` WHERE `customers`.`id` = 8 LIMIT 1[0m
  ↳ app/models/charge.rb:8
  [1m[36mCACHE Customer Load (0.0ms)[0m  [1m[34mSELECT  `customers`.* FROM `customers` WHERE `customers`.`id` = 8 LIMIT 1[0m  [["id", 8], ["LIMIT", 1]]
  ↳ app/models/charge.rb:8
  [1m[36mCACHE Customer Load (0.0ms)[0m  [1m[34mSELECT  `customers`.* FROM `customers` WHERE `customers`.`id` = 8 LIMIT 1[0m  [["id", 8], ["LIMIT", 1]]
  ↳ app/models/charge.rb:8
  [1m[36mCACHE Customer Load (0.0ms)[0m  [1m[34mSELECT  `customers`.* FROM `customers` WHERE `customers`.`id` = 9 LIMIT 1[0m  [["id", 9], ["LIMIT", 1]]
  ↳ app/models/charge.rb:8
  [1m[36mCACHE Customer Load (0.0ms)[0m  [1m[34mSELECT  `customers`.* FROM `customers` WHERE `customers`.`id` = 10 LIMIT 1[0m  [["id", 10], ["LIMIT", 1]]
  ↳ app/models/charge.rb:8
  Rendered charges/_table.html.erb (5.1ms)
  Rendered charges/index.html.erb within layouts/application (10.7ms)
Completed 200 OK in 24ms (Views: 21.7ms | ActiveRecord: 1.2ms)


Started GET "/" for ::1 at 2021-04-27 15:35:25 +0700
Processing by ChargesController#index as HTML
  Rendering charges/index.html.erb within layouts/application
  [1m[36mCharge Load (0.2ms)[0m  [1m[34mSELECT `charges`.* FROM `charges` WHERE `charges`.`paid` = FALSE[0m
  ↳ app/views/charges/_table.html.erb:11
  [1m[36mCustomer Load (0.2ms)[0m  [1m[34mSELECT  `customers`.* FROM `customers` WHERE `customers`.`id` = 9 LIMIT 1[0m
  ↳ app/models/charge.rb:8
  [1m[36mCACHE Customer Load (0.0ms)[0m  [1m[34mSELECT  `customers`.* FROM `customers` WHERE `customers`.`id` = 9 LIMIT 1[0m  [["id", 9], ["LIMIT", 1]]
  ↳ app/models/charge.rb:8
  [1m[36mCACHE Customer Load (0.0ms)[0m  [1m[34mSELECT  `customers`.* FROM `customers` WHERE `customers`.`id` = 9 LIMIT 1[0m  [["id", 9], ["LIMIT", 1]]
  ↳ app/models/charge.rb:8
  [1m[36mCustomer Load (0.3ms)[0m  [1m[34mSELECT  `customers`.* FROM `customers` WHERE `customers`.`id` = 10 LIMIT 1[0m
  ↳ app/models/charge.rb:8
  [1m[36mCACHE Customer Load (0.0ms)[0m  [1m[34mSELECT  `customers`.* FROM `customers` WHERE `customers`.`id` = 10 LIMIT 1[0m  [["id", 10], ["LIMIT", 1]]
  ↳ app/models/charge.rb:8
  Rendered charges/_table.html.erb (17.7ms)
  Rendered charges/_table.html.erb (0.1ms)
  [1m[36mCharge Load (0.2ms)[0m  [1m[34mSELECT `charges`.* FROM `charges` WHERE `charges`.`paid` = TRUE AND `charges`.`refunded` != TRUE[0m
  ↳ app/views/charges/_table.html.erb:11
  [1m[36mCustomer Load (0.1ms)[0m  [1m[34mSELECT  `customers`.* FROM `customers` WHERE `customers`.`id` = 7 LIMIT 1[0m
  ↳ app/models/charge.rb:8
  [1m[36mCACHE Customer Load (0.0ms)[0m  [1m[34mSELECT  `customers`.* FROM `customers` WHERE `customers`.`id` = 7 LIMIT 1[0m  [["id", 7], ["LIMIT", 1]]
  ↳ app/models/charge.rb:8
  [1m[36mCACHE Customer Load (0.0ms)[0m  [1m[34mSELECT  `customers`.* FROM `customers` WHERE `customers`.`id` = 7 LIMIT 1[0m  [["id", 7], ["LIMIT", 1]]
  ↳ app/models/charge.rb:8
  [1m[36mCACHE Customer Load (0.0ms)[0m  [1m[34mSELECT  `customers`.* FROM `customers` WHERE `customers`.`id` = 7 LIMIT 1[0m  [["id", 7], ["LIMIT", 1]]
  ↳ app/models/charge.rb:8
  [1m[36mCACHE Customer Load (0.0ms)[0m  [1m[34mSELECT  `customers`.* FROM `customers` WHERE `customers`.`id` = 7 LIMIT 1[0m  [["id", 7], ["LIMIT", 1]]
  ↳ app/models/charge.rb:8
  [1m[36mCustomer Load (0.2ms)[0m  [1m[34mSELECT  `customers`.* FROM `customers` WHERE `customers`.`id` = 8 LIMIT 1[0m
  ↳ app/models/charge.rb:8
  [1m[36mCACHE Customer Load (0.0ms)[0m  [1m[34mSELECT  `customers`.* FROM `customers` WHERE `customers`.`id` = 8 LIMIT 1[0m  [["id", 8], ["LIMIT", 1]]
  ↳ app/models/charge.rb:8
  [1m[36mCACHE Customer Load (0.0ms)[0m  [1m[34mSELECT  `customers`.* FROM `customers` WHERE `customers`.`id` = 8 LIMIT 1[0m  [["id", 8], ["LIMIT", 1]]
  ↳ app/models/charge.rb:8
  [1m[36mCACHE Customer Load (0.0ms)[0m  [1m[34mSELECT  `customers`.* FROM `customers` WHERE `customers`.`id` = 9 LIMIT 1[0m  [["id", 9], ["LIMIT", 1]]
  ↳ app/models/charge.rb:8
  [1m[36mCACHE Customer Load (0.0ms)[0m  [1m[34mSELECT  `customers`.* FROM `customers` WHERE `customers`.`id` = 10 LIMIT 1[0m  [["id", 10], ["LIMIT", 1]]
  ↳ app/models/charge.rb:8
  Rendered charges/_table.html.erb (4.9ms)
  Rendered charges/index.html.erb within layouts/application (24.5ms)
Completed 200 OK in 41ms (Views: 32.0ms | ActiveRecord: 5.1ms)


Started GET "/" for ::1 at 2021-04-27 15:35:26 +0700
Processing by ChargesController#index as HTML
  Rendering charges/index.html.erb within layouts/application
  [1m[36mCharge Load (0.3ms)[0m  [1m[34mSELECT `charges`.* FROM `charges` WHERE `charges`.`paid` = FALSE[0m
  ↳ app/views/charges/_table.html.erb:11
  [1m[36mCustomer Load (0.2ms)[0m  [1m[34mSELECT  `customers`.* FROM `customers` WHERE `customers`.`id` = 9 LIMIT 1[0m
  ↳ app/models/charge.rb:8
  [1m[36mCACHE Customer Load (0.0ms)[0m  [1m[34mSELECT  `customers`.* FROM `customers` WHERE `customers`.`id` = 9 LIMIT 1[0m  [["id", 9], ["LIMIT", 1]]
  ↳ app/models/charge.rb:8
  [1m[36mCACHE Customer Load (0.0ms)[0m  [1m[34mSELECT  `customers`.* FROM `customers` WHERE `customers`.`id` = 9 LIMIT 1[0m  [["id", 9], ["LIMIT", 1]]
  ↳ app/models/charge.rb:8
  [1m[36mCustomer Load (0.2ms)[0m  [1m[34mSELECT  `customers`.* FROM `customers` WHERE `customers`.`id` = 10 LIMIT 1[0m
  ↳ app/models/charge.rb:8
  [1m[36mCACHE Customer Load (0.0ms)[0m  [1m[34mSELECT  `customers`.* FROM `customers` WHERE `customers`.`id` = 10 LIMIT 1[0m  [["id", 10], ["LIMIT", 1]]
  ↳ app/models/charge.rb:8
  Rendered charges/_table.html.erb (4.3ms)
  Rendered charges/_table.html.erb (0.1ms)
  [1m[36mCharge Load (0.2ms)[0m  [1m[34mSELECT `charges`.* FROM `charges` WHERE `charges`.`paid` = TRUE AND `charges`.`refunded` != TRUE[0m
  ↳ app/views/charges/_table.html.erb:11
  [1m[36mCustomer Load (0.2ms)[0m  [1m[34mSELECT  `customers`.* FROM `customers` WHERE `customers`.`id` = 7 LIMIT 1[0m
  ↳ app/models/charge.rb:8
  [1m[36mCACHE Customer Load (0.0ms)[0m  [1m[34mSELECT  `customers`.* FROM `customers` WHERE `customers`.`id` = 7 LIMIT 1[0m  [["id", 7], ["LIMIT", 1]]
  ↳ app/models/charge.rb:8
  [1m[36mCACHE Customer Load (0.0ms)[0m  [1m[34mSELECT  `customers`.* FROM `customers` WHERE `customers`.`id` = 7 LIMIT 1[0m  [["id", 7], ["LIMIT", 1]]
  ↳ app/models/charge.rb:8
  [1m[36mCACHE Customer Load (0.0ms)[0m  [1m[34mSELECT  `customers`.* FROM `customers` WHERE `customers`.`id` = 7 LIMIT 1[0m  [["id", 7], ["LIMIT", 1]]
  ↳ app/models/charge.rb:8
  [1m[36mCACHE Customer Load (0.0ms)[0m  [1m[34mSELECT  `customers`.* FROM `customers` WHERE `customers`.`id` = 7 LIMIT 1[0m  [["id", 7], ["LIMIT", 1]]
  ↳ app/models/charge.rb:8
  [1m[36mCustomer Load (0.2ms)[0m  [1m[34mSELECT  `customers`.* FROM `customers` WHERE `customers`.`id` = 8 LIMIT 1[0m
  ↳ app/models/charge.rb:8
  [1m[36mCACHE Customer Load (0.0ms)[0m  [1m[34mSELECT  `customers`.* FROM `customers` WHERE `customers`.`id` = 8 LIMIT 1[0m  [["id", 8], ["LIMIT", 1]]
  ↳ app/models/charge.rb:8
  [1m[36mCACHE Customer Load (0.0ms)[0m  [1m[34mSELECT  `customers`.* FROM `customers` WHERE `customers`.`id` = 8 LIMIT 1[0m  [["id", 8], ["LIMIT", 1]]
  ↳ app/models/charge.rb:8
  [1m[36mCACHE Customer Load (0.0ms)[0m  [1m[34mSELECT  `customers`.* FROM `customers` WHERE `customers`.`id` = 9 LIMIT 1[0m  [["id", 9], ["LIMIT", 1]]
  ↳ app/models/charge.rb:8
  [1m[36mCACHE Customer Load (0.0ms)[0m  [1m[34mSELECT  `customers`.* FROM `customers` WHERE `customers`.`id` = 10 LIMIT 1[0m  [["id", 10], ["LIMIT", 1]]
  ↳ app/models/charge.rb:8
  Rendered charges/_table.html.erb (6.3ms)
  Rendered charges/index.html.erb within layouts/application (12.7ms)
Completed 200 OK in 26ms (Views: 23.5ms | ActiveRecord: 1.5ms)


Started GET "/" for ::1 at 2021-04-27 15:35:27 +0700
Processing by ChargesController#index as HTML
  Rendering charges/index.html.erb within layouts/application
  [1m[36mCharge Load (0.3ms)[0m  [1m[34mSELECT `charges`.* FROM `charges` WHERE `charges`.`paid` = FALSE[0m
  ↳ app/views/charges/_table.html.erb:11
  [1m[36mCustomer Load (0.2ms)[0m  [1m[34mSELECT  `customers`.* FROM `customers` WHERE `customers`.`id` = 9 LIMIT 1[0m
  ↳ app/models/charge.rb:8
  [1m[36mCACHE Customer Load (0.0ms)[0m  [1m[34mSELECT  `customers`.* FROM `customers` WHERE `customers`.`id` = 9 LIMIT 1[0m  [["id", 9], ["LIMIT", 1]]
  ↳ app/models/charge.rb:8
  [1m[36mCACHE Customer Load (0.0ms)[0m  [1m[34mSELECT  `customers`.* FROM `customers` WHERE `customers`.`id` = 9 LIMIT 1[0m  [["id", 9], ["LIMIT", 1]]
  ↳ app/models/charge.rb:8
  [1m[36mCustomer Load (0.2ms)[0m  [1m[34mSELECT  `customers`.* FROM `customers` WHERE `customers`.`id` = 10 LIMIT 1[0m
  ↳ app/models/charge.rb:8
  [1m[36mCACHE Customer Load (0.0ms)[0m  [1m[34mSELECT  `customers`.* FROM `customers` WHERE `customers`.`id` = 10 LIMIT 1[0m  [["id", 10], ["LIMIT", 1]]
  ↳ app/models/charge.rb:8
  Rendered charges/_table.html.erb (4.1ms)
  Rendered charges/_table.html.erb (0.1ms)
  [1m[36mCharge Load (0.2ms)[0m  [1m[34mSELECT `charges`.* FROM `charges` WHERE `charges`.`paid` = TRUE AND `charges`.`refunded` != TRUE[0m
  ↳ app/views/charges/_table.html.erb:11
  [1m[36mCustomer Load (0.1ms)[0m  [1m[34mSELECT  `customers`.* FROM `customers` WHERE `customers`.`id` = 7 LIMIT 1[0m
  ↳ app/models/charge.rb:8
  [1m[36mCACHE Customer Load (0.0ms)[0m  [1m[34mSELECT  `customers`.* FROM `customers` WHERE `customers`.`id` = 7 LIMIT 1[0m  [["id", 7], ["LIMIT", 1]]
  ↳ app/models/charge.rb:8
  [1m[36mCACHE Customer Load (0.0ms)[0m  [1m[34mSELECT  `customers`.* FROM `customers` WHERE `customers`.`id` = 7 LIMIT 1[0m  [["id", 7], ["LIMIT", 1]]
  ↳ app/models/charge.rb:8
  [1m[36mCACHE Customer Load (0.0ms)[0m  [1m[34mSELECT  `customers`.* FROM `customers` WHERE `customers`.`id` = 7 LIMIT 1[0m  [["id", 7], ["LIMIT", 1]]
  ↳ app/models/charge.rb:8
  [1m[36mCACHE Customer Load (0.0ms)[0m  [1m[34mSELECT  `customers`.* FROM `customers` WHERE `customers`.`id` = 7 LIMIT 1[0m  [["id", 7], ["LIMIT", 1]]
  ↳ app/models/charge.rb:8
  [1m[36mCustomer Load (0.1ms)[0m  [1m[34mSELECT  `customers`.* FROM `customers` WHERE `customers`.`id` = 8 LIMIT 1[0m
  ↳ app/models/charge.rb:8
  [1m[36mCACHE Customer Load (0.0ms)[0m  [1m[34mSELECT  `customers`.* FROM `customers` WHERE `customers`.`id` = 8 LIMIT 1[0m  [["id", 8], ["LIMIT", 1]]
  ↳ app/models/charge.rb:8
  [1m[36mCACHE Customer Load (0.0ms)[0m  [1m[34mSELECT  `customers`.* FROM `customers` WHERE `customers`.`id` = 8 LIMIT 1[0m  [["id", 8], ["LIMIT", 1]]
  ↳ app/models/charge.rb:8
  [1m[36mCACHE Customer Load (0.0ms)[0m  [1m[34mSELECT  `customers`.* FROM `customers` WHERE `customers`.`id` = 9 LIMIT 1[0m  [["id", 9], ["LIMIT", 1]]
  ↳ app/models/charge.rb:8
  [1m[36mCACHE Customer Load (0.0ms)[0m  [1m[34mSELECT  `customers`.* FROM `customers` WHERE `customers`.`id` = 10 LIMIT 1[0m  [["id", 10], ["LIMIT", 1]]
  ↳ app/models/charge.rb:8
  Rendered charges/_table.html.erb (5.1ms)
  Rendered charges/index.html.erb within layouts/application (11.1ms)
Completed 200 OK in 23ms (Views: 21.1ms | ActiveRecord: 1.1ms)


Started GET "/" for ::1 at 2021-04-27 15:35:27 +0700
Processing by ChargesController#index as HTML
  Rendering charges/index.html.erb within layouts/application
  [1m[36mCharge Load (0.3ms)[0m  [1m[34mSELECT `charges`.* FROM `charges` WHERE `charges`.`paid` = FALSE[0m
  ↳ app/views/charges/_table.html.erb:11
  [1m[36mCustomer Load (0.2ms)[0m  [1m[34mSELECT  `customers`.* FROM `customers` WHERE `customers`.`id` = 9 LIMIT 1[0m
  ↳ app/models/charge.rb:8
  [1m[36mCACHE Customer Load (0.0ms)[0m  [1m[34mSELECT  `customers`.* FROM `customers` WHERE `customers`.`id` = 9 LIMIT 1[0m  [["id", 9], ["LIMIT", 1]]
  ↳ app/models/charge.rb:8
  [1m[36mCACHE Customer Load (0.0ms)[0m  [1m[34mSELECT  `customers`.* FROM `customers` WHERE `customers`.`id` = 9 LIMIT 1[0m  [["id", 9], ["LIMIT", 1]]
  ↳ app/models/charge.rb:8
  [1m[36mCustomer Load (0.2ms)[0m  [1m[34mSELECT  `customers`.* FROM `customers` WHERE `customers`.`id` = 10 LIMIT 1[0m
  ↳ app/models/charge.rb:8
  [1m[36mCACHE Customer Load (0.0ms)[0m  [1m[34mSELECT  `customers`.* FROM `customers` WHERE `customers`.`id` = 10 LIMIT 1[0m  [["id", 10], ["LIMIT", 1]]
  ↳ app/models/charge.rb:8
  Rendered charges/_table.html.erb (4.1ms)
  Rendered charges/_table.html.erb (0.1ms)
  [1m[36mCharge Load (0.2ms)[0m  [1m[34mSELECT `charges`.* FROM `charges` WHERE `charges`.`paid` = TRUE AND `charges`.`refunded` != TRUE[0m
  ↳ app/views/charges/_table.html.erb:11
  [1m[36mCustomer Load (0.2ms)[0m  [1m[34mSELECT  `customers`.* FROM `customers` WHERE `customers`.`id` = 7 LIMIT 1[0m
  ↳ app/models/charge.rb:8
  [1m[36mCACHE Customer Load (0.0ms)[0m  [1m[34mSELECT  `customers`.* FROM `customers` WHERE `customers`.`id` = 7 LIMIT 1[0m  [["id", 7], ["LIMIT", 1]]
  ↳ app/models/charge.rb:8
  [1m[36mCACHE Customer Load (0.0ms)[0m  [1m[34mSELECT  `customers`.* FROM `customers` WHERE `customers`.`id` = 7 LIMIT 1[0m  [["id", 7], ["LIMIT", 1]]
  ↳ app/models/charge.rb:8
  [1m[36mCACHE Customer Load (0.0ms)[0m  [1m[34mSELECT  `customers`.* FROM `customers` WHERE `customers`.`id` = 7 LIMIT 1[0m  [["id", 7], ["LIMIT", 1]]
  ↳ app/models/charge.rb:8
  [1m[36mCACHE Customer Load (0.0ms)[0m  [1m[34mSELECT  `customers`.* FROM `customers` WHERE `customers`.`id` = 7 LIMIT 1[0m  [["id", 7], ["LIMIT", 1]]
  ↳ app/models/charge.rb:8
  [1m[36mCustomer Load (0.2ms)[0m  [1m[34mSELECT  `customers`.* FROM `customers` WHERE `customers`.`id` = 8 LIMIT 1[0m
  ↳ app/models/charge.rb:8
  [1m[36mCACHE Customer Load (0.0ms)[0m  [1m[34mSELECT  `customers`.* FROM `customers` WHERE `customers`.`id` = 8 LIMIT 1[0m  [["id", 8], ["LIMIT", 1]]
  ↳ app/models/charge.rb:8
  [1m[36mCACHE Customer Load (0.0ms)[0m  [1m[34mSELECT  `customers`.* FROM `customers` WHERE `customers`.`id` = 8 LIMIT 1[0m  [["id", 8], ["LIMIT", 1]]
  ↳ app/models/charge.rb:8
  [1m[36mCACHE Customer Load (0.0ms)[0m  [1m[34mSELECT  `customers`.* FROM `customers` WHERE `customers`.`id` = 9 LIMIT 1[0m  [["id", 9], ["LIMIT", 1]]
  ↳ app/models/charge.rb:8
  [1m[36mCACHE Customer Load (0.0ms)[0m  [1m[34mSELECT  `customers`.* FROM `customers` WHERE `customers`.`id` = 10 LIMIT 1[0m  [["id", 10], ["LIMIT", 1]]
  ↳ app/models/charge.rb:8
  Rendered charges/_table.html.erb (5.6ms)
  Rendered charges/index.html.erb within layouts/application (11.6ms)
Completed 200 OK in 24ms (Views: 21.4ms | ActiveRecord: 1.2ms)


Started GET "/" for ::1 at 2021-04-27 15:35:27 +0700
Processing by ChargesController#index as HTML
  Rendering charges/index.html.erb within layouts/application
  [1m[36mCharge Load (0.2ms)[0m  [1m[34mSELECT `charges`.* FROM `charges` WHERE `charges`.`paid` = FALSE[0m
  ↳ app/views/charges/_table.html.erb:11
  [1m[36mCustomer Load (0.2ms)[0m  [1m[34mSELECT  `customers`.* FROM `customers` WHERE `customers`.`id` = 9 LIMIT 1[0m
  ↳ app/models/charge.rb:8
  [1m[36mCACHE Customer Load (0.0ms)[0m  [1m[34mSELECT  `customers`.* FROM `customers` WHERE `customers`.`id` = 9 LIMIT 1[0m  [["id", 9], ["LIMIT", 1]]
  ↳ app/models/charge.rb:8
  [1m[36mCACHE Customer Load (0.0ms)[0m  [1m[34mSELECT  `customers`.* FROM `customers` WHERE `customers`.`id` = 9 LIMIT 1[0m  [["id", 9], ["LIMIT", 1]]
  ↳ app/models/charge.rb:8
  [1m[36mCustomer Load (0.1ms)[0m  [1m[34mSELECT  `customers`.* FROM `customers` WHERE `customers`.`id` = 10 LIMIT 1[0m
  ↳ app/models/charge.rb:8
  [1m[36mCACHE Customer Load (0.0ms)[0m  [1m[34mSELECT  `customers`.* FROM `customers` WHERE `customers`.`id` = 10 LIMIT 1[0m  [["id", 10], ["LIMIT", 1]]
  ↳ app/models/charge.rb:8
  Rendered charges/_table.html.erb (3.6ms)
  Rendered charges/_table.html.erb (0.1ms)
  [1m[36mCharge Load (0.2ms)[0m  [1m[34mSELECT `charges`.* FROM `charges` WHERE `charges`.`paid` = TRUE AND `charges`.`refunded` != TRUE[0m
  ↳ app/views/charges/_table.html.erb:11
  [1m[36mCustomer Load (0.2ms)[0m  [1m[34mSELECT  `customers`.* FROM `customers` WHERE `customers`.`id` = 7 LIMIT 1[0m
  ↳ app/models/charge.rb:8
  [1m[36mCACHE Customer Load (0.0ms)[0m  [1m[34mSELECT  `customers`.* FROM `customers` WHERE `customers`.`id` = 7 LIMIT 1[0m  [["id", 7], ["LIMIT", 1]]
  ↳ app/models/charge.rb:8
  [1m[36mCACHE Customer Load (0.0ms)[0m  [1m[34mSELECT  `customers`.* FROM `customers` WHERE `customers`.`id` = 7 LIMIT 1[0m  [["id", 7], ["LIMIT", 1]]
  ↳ app/models/charge.rb:8
  [1m[36mCACHE Customer Load (0.0ms)[0m  [1m[34mSELECT  `customers`.* FROM `customers` WHERE `customers`.`id` = 7 LIMIT 1[0m  [["id", 7], ["LIMIT", 1]]
  ↳ app/models/charge.rb:8
  [1m[36mCACHE Customer Load (0.0ms)[0m  [1m[34mSELECT  `customers`.* FROM `customers` WHERE `customers`.`id` = 7 LIMIT 1[0m  [["id", 7], ["LIMIT", 1]]
  ↳ app/models/charge.rb:8
  [1m[36mCustomer Load (0.2ms)[0m  [1m[34mSELECT  `customers`.* FROM `customers` WHERE `customers`.`id` = 8 LIMIT 1[0m
  ↳ app/models/charge.rb:8
  [1m[36mCACHE Customer Load (0.0ms)[0m  [1m[34mSELECT  `customers`.* FROM `customers` WHERE `customers`.`id` = 8 LIMIT 1[0m  [["id", 8], ["LIMIT", 1]]
  ↳ app/models/charge.rb:8
  [1m[36mCACHE Customer Load (0.0ms)[0m  [1m[34mSELECT  `customers`.* FROM `customers` WHERE `customers`.`id` = 8 LIMIT 1[0m  [["id", 8], ["LIMIT", 1]]
  ↳ app/models/charge.rb:8
  [1m[36mCACHE Customer Load (0.0ms)[0m  [1m[34mSELECT  `customers`.* FROM `customers` WHERE `customers`.`id` = 9 LIMIT 1[0m  [["id", 9], ["LIMIT", 1]]
  ↳ app/models/charge.rb:8
  [1m[36mCACHE Customer Load (0.0ms)[0m  [1m[34mSELECT  `customers`.* FROM `customers` WHERE `customers`.`id` = 10 LIMIT 1[0m  [["id", 10], ["LIMIT", 1]]
  ↳ app/models/charge.rb:8
  Rendered charges/_table.html.erb (5.5ms)
  Rendered charges/index.html.erb within layouts/application (10.7ms)
Completed 200 OK in 23ms (Views: 20.9ms | ActiveRecord: 1.2ms)


